01_02_A
01_02_B
epoch:0, loss:4.1747584, val_loss:3.4919767
epoch:1, loss:2.8870986, val_loss:3.0652664
epoch:2, loss:2.46662, val_loss:3.0086062
epoch:3, loss:2.3066225, val_loss:3.0694516
epoch:4, loss:2.2059817, val_loss:3.0810177
epoch:5, loss:2.1396654, val_loss:3.1361592
epoch:6, loss:2.056726, val_loss:3.3286264
epoch:7, loss:1.9990382, val_loss:3.3678598
epoch:8, loss:1.9464158, val_loss:3.615277
epoch:9, loss:1.9176772, val_loss:3.7969513
01_02_A -> 0.942
01_02_B -> 0.456
02_02_A
02_02_C
02_02_D
epoch:0, loss:4.062641, val_loss:3.0335748
epoch:1, loss:3.125218, val_loss:2.5263855
epoch:2, loss:2.69669, val_loss:2.3266373
epoch:3, loss:2.4858325, val_loss:2.277607
epoch:4, loss:2.3374872, val_loss:2.2355154
epoch:5, loss:2.2562447, val_loss:2.2047098
epoch:6, loss:2.1754491, val_loss:2.2435057
epoch:7, loss:2.0854502, val_loss:2.29437
epoch:8, loss:2.0231602, val_loss:2.3185995
epoch:9, loss:1.955345, val_loss:2.3963952
02_02_A -> 0.710
02_02_C -> 0.881
02_02_D -> 0.767
03_02_A
03_02_C
03_02_D
epoch:0, loss:3.8543422, val_loss:4.645855
epoch:1, loss:2.9716716, val_loss:4.3510404
epoch:2, loss:2.709415, val_loss:4.142689
epoch:3, loss:2.5788627, val_loss:4.1014466
epoch:4, loss:2.505803, val_loss:4.0544953
epoch:5, loss:2.4382815, val_loss:3.9770768
epoch:6, loss:2.3830438, val_loss:4.2030597
epoch:7, loss:2.321843, val_loss:4.2289224
epoch:8, loss:2.2794902, val_loss:4.14829
epoch:9, loss:2.209115, val_loss:4.334961
03_02_A -> 0.860
03_02_C -> 0.716
03_02_D -> 0.839
04_02_A
04_02_C
04_02_D
epoch:0, loss:3.6690588, val_loss:3.3223696
epoch:1, loss:2.855523, val_loss:3.084876
epoch:2, loss:2.6822073, val_loss:2.906247
epoch:3, loss:2.5560784, val_loss:2.810872
epoch:4, loss:2.4830878, val_loss:2.733367
epoch:5, loss:2.4225476, val_loss:2.6982377
epoch:6, loss:2.3612213, val_loss:2.6874354
epoch:7, loss:2.3097382, val_loss:2.6850474
epoch:8, loss:2.2679782, val_loss:2.6499126
epoch:9, loss:2.2255707, val_loss:2.59949
04_02_A -> 0.883
04_02_C -> 0.279
04_02_D -> 0.729
05_02_A
05_02_C
05_02_D
epoch:0, loss:3.664566, val_loss:2.6370835
epoch:1, loss:2.8669662, val_loss:2.2899418
epoch:2, loss:2.6361973, val_loss:2.2177544
epoch:3, loss:2.4495494, val_loss:2.1627674
epoch:4, loss:2.3206456, val_loss:2.2290463
epoch:5, loss:2.186716, val_loss:2.2489574
epoch:6, loss:2.1157758, val_loss:2.3437023
epoch:7, loss:2.0268338, val_loss:2.5061047
epoch:8, loss:1.9497106, val_loss:2.6616683
epoch:9, loss:1.8863921, val_loss:2.7961116
05_02_A -> 0.840
05_02_C -> 0.839
05_02_D -> 0.846
