../cam360/para_image/test_para.mp4.00000005.jpg None
../cam360/para_image/test_para.mp4.00000010.jpg [1835,632,124,124]
../cam360/para_image/test_para.mp4.00000015.jpg None
../cam360/para_image/test_para.mp4.00000020.jpg None
../cam360/para_image/test_para.mp4.00000025.jpg [1840,676,103,104]
../cam360/para_image/test_para.mp4.00000030.jpg None
../cam360/para_image/test_para.mp4.00000035.jpg [1821,673,124,125]
../cam360/para_image/test_para.mp4.00000040.jpg [1807,687,124,125]
../cam360/para_image/test_para.mp4.00000045.jpg [1807,687,124,125]
../cam360/para_image/test_para.mp4.00000050.jpg [1828,699,104,104]
../cam360/para_image/test_para.mp4.00000055.jpg [1828,699,104,104]
../cam360/para_image/test_para.mp4.00000060.jpg None
../cam360/para_image/test_para.mp4.00000065.jpg None
../cam360/para_image/test_para.mp4.00000070.jpg None
../cam360/para_image/test_para.mp4.00000075.jpg [1821,687,124,125]
../cam360/para_image/test_para.mp4.00000080.jpg None
../cam360/para_image/test_para.mp4.00000085.jpg None
../cam360/para_image/test_para.mp4.00000090.jpg None
../cam360/para_image/test_para.mp4.00000095.jpg [1828,688,104,103]
../cam360/para_image/test_para.mp4.00000100.jpg [1828,688,104,103]
../cam360/para_image/test_para.mp4.00000105.jpg [1828,688,104,103]
../cam360/para_image/test_para.mp4.00000110.jpg None
../cam360/para_image/test_para.mp4.00000115.jpg [1828,688,104,103]
../cam360/para_image/test_para.mp4.00000120.jpg [1821,687,124,125]
../cam360/para_image/test_para.mp4.00000125.jpg [1821,687,124,125]
../cam360/para_image/test_para.mp4.00000130.jpg [1821,687,124,125]
../cam360/para_image/test_para.mp4.00000135.jpg None
../cam360/para_image/test_para.mp4.00000140.jpg [1821,687,124,125]
../cam360/para_image/test_para.mp4.00000145.jpg [1821,687,124,125]
../cam360/para_image/test_para.mp4.00000150.jpg [1821,687,124,125]
../cam360/para_image/test_para.mp4.00000155.jpg None
../cam360/para_image/test_para.mp4.00000160.jpg None
../cam360/para_image/test_para.mp4.00000165.jpg None
../cam360/para_image/test_para.mp4.00000170.jpg [1821,687,124,125]
../cam360/para_image/test_para.mp4.00000175.jpg [1821,687,124,125]
../cam360/para_image/test_para.mp4.00000180.jpg None
../cam360/para_image/test_para.mp4.00000185.jpg None
../cam360/para_image/test_para.mp4.00000190.jpg [1821,687,124,125]
../cam360/para_image/test_para.mp4.00000195.jpg None
../cam360/para_image/test_para.mp4.00000200.jpg None
../cam360/para_image/test_para.mp4.00000205.jpg None
../cam360/para_image/test_para.mp4.00000210.jpg None
../cam360/para_image/test_para.mp4.00000215.jpg None
../cam360/para_image/test_para.mp4.00000220.jpg [1828,699,104,104]
../cam360/para_image/test_para.mp4.00000225.jpg None
../cam360/para_image/test_para.mp4.00000230.jpg None
../cam360/para_image/test_para.mp4.00000235.jpg None
../cam360/para_image/test_para.mp4.00000240.jpg None
../cam360/para_image/test_para.mp4.00000245.jpg None
../cam360/para_image/test_para.mp4.00000250.jpg None
../cam360/para_image/test_para.mp4.00000255.jpg None
../cam360/para_image/test_para.mp4.00000260.jpg None
../cam360/para_image/test_para.mp4.00000265.jpg None
../cam360/para_image/test_para.mp4.00000270.jpg None
../cam360/para_image/test_para.mp4.00000275.jpg None
../cam360/para_image/test_para.mp4.00000280.jpg None
../cam360/para_image/test_para.mp4.00000285.jpg None
../cam360/para_image/test_para.mp4.00000290.jpg None
../cam360/para_image/test_para.mp4.00000295.jpg [1840,699,103,104]
../cam360/para_image/test_para.mp4.00000300.jpg None
../cam360/para_image/test_para.mp4.00000305.jpg [1828,699,104,104]
../cam360/para_image/test_para.mp4.00000310.jpg [1828,699,104,104]
../cam360/para_image/test_para.mp4.00000315.jpg [1828,699,104,104]
../cam360/para_image/test_para.mp4.00000320.jpg None
../cam360/para_image/test_para.mp4.00000325.jpg None
../cam360/para_image/test_para.mp4.00000330.jpg None
../cam360/para_image/test_para.mp4.00000335.jpg None
../cam360/para_image/test_para.mp4.00000340.jpg [1828,688,104,103]
../cam360/para_image/test_para.mp4.00000345.jpg [1807,673,124,125]
../cam360/para_image/test_para.mp4.00000350.jpg None
../cam360/para_image/test_para.mp4.00000355.jpg [1805,688,104,103]
../cam360/para_image/test_para.mp4.00000360.jpg None
../cam360/para_image/test_para.mp4.00000365.jpg None
../cam360/para_image/test_para.mp4.00000370.jpg [1820,642,149,150]
../cam360/para_image/test_para.mp4.00000375.jpg [1826,592,179,179]
../cam360/para_image/test_para.mp4.00000380.jpg [1846,592,179,179]
../cam360/para_image/test_para.mp4.00000385.jpg [1846,632,179,179]
../cam360/para_image/test_para.mp4.00000390.jpg [1848,673,125,125]
../cam360/para_image/test_para.mp4.00000395.jpg [1851,688,104,103]
../cam360/para_image/test_para.mp4.00000400.jpg [1859,717,86,86]
../cam360/para_image/test_para.mp4.00000405.jpg [1849,726,87,87]
../cam360/para_image/test_para.mp4.00000410.jpg [1849,736,87,86]
../cam360/para_image/test_para.mp4.00000415.jpg [1853,749,72,72]
../cam360/para_image/test_para.mp4.00000420.jpg [1849,745,87,87]
../cam360/para_image/test_para.mp4.00000425.jpg [1849,745,87,87]
../cam360/para_image/test_para.mp4.00000430.jpg [1849,745,87,87]
../cam360/para_image/test_para.mp4.00000435.jpg [1849,745,87,87]
../cam360/para_image/test_para.mp4.00000440.jpg [1853,757,72,72]
../cam360/para_image/test_para.mp4.00000445.jpg [1853,757,72,72]
../cam360/para_image/test_para.mp4.00000450.jpg [1849,755,87,86]
../cam360/para_image/test_para.mp4.00000455.jpg [1849,755,87,86]
../cam360/para_image/test_para.mp4.00000460.jpg [1849,755,87,86]
../cam360/para_image/test_para.mp4.00000465.jpg [1849,755,87,86]
../cam360/para_image/test_para.mp4.00000470.jpg [1849,755,87,86]
../cam360/para_image/test_para.mp4.00000475.jpg [1849,755,87,86]
../cam360/para_image/test_para.mp4.00000480.jpg [1849,755,87,86]
../cam360/para_image/test_para.mp4.00000485.jpg [1861,757,72,72]
../cam360/para_image/test_para.mp4.00000490.jpg [1859,745,86,87]
../cam360/para_image/test_para.mp4.00000495.jpg [1869,745,86,87]
../cam360/para_image/test_para.mp4.00000500.jpg [1869,745,86,87]
../cam360/para_image/test_para.mp4.00000505.jpg [1869,745,86,87]
../cam360/para_image/test_para.mp4.00000510.jpg [1869,745,86,87]
../cam360/para_image/test_para.mp4.00000515.jpg [1859,745,86,87]
../cam360/para_image/test_para.mp4.00000520.jpg [1859,745,86,87]
../cam360/para_image/test_para.mp4.00000525.jpg [1859,745,86,87]
../cam360/para_image/test_para.mp4.00000530.jpg [1859,745,86,87]
../cam360/para_image/test_para.mp4.00000535.jpg [1859,745,86,87]
../cam360/para_image/test_para.mp4.00000540.jpg [1859,745,86,87]
../cam360/para_image/test_para.mp4.00000545.jpg [1859,745,86,87]
../cam360/para_image/test_para.mp4.00000550.jpg [1851,734,104,103]
../cam360/para_image/test_para.mp4.00000555.jpg [1859,745,86,87]
../cam360/para_image/test_para.mp4.00000560.jpg [1859,745,86,87]
../cam360/para_image/test_para.mp4.00000565.jpg [1859,745,86,87]
../cam360/para_image/test_para.mp4.00000570.jpg [1859,745,86,87]
../cam360/para_image/test_para.mp4.00000575.jpg [1859,745,86,87]
../cam360/para_image/test_para.mp4.00000580.jpg [1869,745,86,87]
../cam360/para_image/test_para.mp4.00000585.jpg [1869,755,86,86]
../cam360/para_image/test_para.mp4.00000590.jpg [1869,755,86,86]
../cam360/para_image/test_para.mp4.00000595.jpg [1869,755,86,86]
../cam360/para_image/test_para.mp4.00000600.jpg [1863,745,103,104]
../cam360/para_image/test_para.mp4.00000605.jpg [1869,765,86,86]
../cam360/para_image/test_para.mp4.00000610.jpg [1869,765,86,86]
../cam360/para_image/test_para.mp4.00000615.jpg [1869,765,86,86]
../cam360/para_image/test_para.mp4.00000620.jpg [1869,765,86,86]
../cam360/para_image/test_para.mp4.00000625.jpg [1859,765,86,86]
../cam360/para_image/test_para.mp4.00000630.jpg None
../cam360/para_image/test_para.mp4.00000635.jpg [1849,774,87,87]
../cam360/para_image/test_para.mp4.00000640.jpg None
../cam360/para_image/test_para.mp4.00000645.jpg None
../cam360/para_image/test_para.mp4.00000650.jpg None
../cam360/para_image/test_para.mp4.00000655.jpg None
../cam360/para_image/test_para.mp4.00000660.jpg None
../cam360/para_image/test_para.mp4.00000665.jpg None
../cam360/para_image/test_para.mp4.00000670.jpg None
../cam360/para_image/test_para.mp4.00000675.jpg None
../cam360/para_image/test_para.mp4.00000680.jpg None
../cam360/para_image/test_para.mp4.00000685.jpg None
../cam360/para_image/test_para.mp4.00000690.jpg None
../cam360/para_image/test_para.mp4.00000695.jpg [1811,745,86,87]
../cam360/para_image/test_para.mp4.00000700.jpg [1821,736,86,86]
../cam360/para_image/test_para.mp4.00000705.jpg [1821,736,86,86]
../cam360/para_image/test_para.mp4.00000710.jpg None
../cam360/para_image/test_para.mp4.00000715.jpg None
../cam360/para_image/test_para.mp4.00000720.jpg None
../cam360/para_image/test_para.mp4.00000725.jpg None
../cam360/para_image/test_para.mp4.00000730.jpg None
../cam360/para_image/test_para.mp4.00000735.jpg None
../cam360/para_image/test_para.mp4.00000740.jpg None
../cam360/para_image/test_para.mp4.00000745.jpg None
../cam360/para_image/test_para.mp4.00000750.jpg None
../cam360/para_image/test_para.mp4.00000755.jpg None
../cam360/para_image/test_para.mp4.00000760.jpg None
../cam360/para_image/test_para.mp4.00000765.jpg None
../cam360/para_image/test_para.mp4.00000770.jpg [1830,736,87,86]
../cam360/para_image/test_para.mp4.00000775.jpg [1817,734,103,103]
../cam360/para_image/test_para.mp4.00000780.jpg [1821,745,86,87]
../cam360/para_image/test_para.mp4.00000785.jpg [1821,755,86,86]
../cam360/para_image/test_para.mp4.00000790.jpg [1821,755,86,86]
../cam360/para_image/test_para.mp4.00000795.jpg None
../cam360/para_image/test_para.mp4.00000800.jpg None
../cam360/para_image/test_para.mp4.00000805.jpg None
../cam360/para_image/test_para.mp4.00000810.jpg None
../cam360/para_image/test_para.mp4.00000815.jpg [1869,774,86,87]
../cam360/para_image/test_para.mp4.00000820.jpg [1869,774,86,87]
../cam360/para_image/test_para.mp4.00000825.jpg [1878,765,87,86]
../cam360/para_image/test_para.mp4.00000830.jpg [1878,755,87,86]
../cam360/para_image/test_para.mp4.00000835.jpg [1878,755,87,86]
../cam360/para_image/test_para.mp4.00000840.jpg [1878,745,87,87]
../cam360/para_image/test_para.mp4.00000845.jpg [1878,745,87,87]
../cam360/para_image/test_para.mp4.00000850.jpg None
../cam360/para_image/test_para.mp4.00000855.jpg None
../cam360/para_image/test_para.mp4.00000860.jpg None
../cam360/para_image/test_para.mp4.00000865.jpg None
../cam360/para_image/test_para.mp4.00000870.jpg [1849,736,87,86]
../cam360/para_image/test_para.mp4.00000875.jpg [1853,749,72,72]
../cam360/para_image/test_para.mp4.00000880.jpg [1853,749,72,72]
../cam360/para_image/test_para.mp4.00000885.jpg [1849,745,87,87]
../cam360/para_image/test_para.mp4.00000890.jpg [1849,745,87,87]
../cam360/para_image/test_para.mp4.00000895.jpg [1849,745,87,87]
../cam360/para_image/test_para.mp4.00000900.jpg [1849,745,87,87]
../cam360/para_image/test_para.mp4.00000905.jpg [1849,745,87,87]
../cam360/para_image/test_para.mp4.00000910.jpg [1849,745,87,87]
../cam360/para_image/test_para.mp4.00000915.jpg [1849,745,87,87]
../cam360/para_image/test_para.mp4.00000920.jpg [1849,745,87,87]
../cam360/para_image/test_para.mp4.00000925.jpg [1849,745,87,87]
../cam360/para_image/test_para.mp4.00000930.jpg [1849,745,87,87]
../cam360/para_image/test_para.mp4.00000935.jpg [1849,745,87,87]
../cam360/para_image/test_para.mp4.00000940.jpg [1861,757,72,72]
../cam360/para_image/test_para.mp4.00000945.jpg [1861,757,72,72]
../cam360/para_image/test_para.mp4.00000950.jpg [1861,757,72,72]
../cam360/para_image/test_para.mp4.00000955.jpg [1861,757,72,72]
../cam360/para_image/test_para.mp4.00000960.jpg [1861,757,72,72]
../cam360/para_image/test_para.mp4.00000965.jpg [1859,755,86,86]
../cam360/para_image/test_para.mp4.00000970.jpg [1859,755,86,86]
../cam360/para_image/test_para.mp4.00000975.jpg [1859,755,86,86]
../cam360/para_image/test_para.mp4.00000980.jpg [1859,755,86,86]
../cam360/para_image/test_para.mp4.00000985.jpg [1851,734,104,103]
../cam360/para_image/test_para.mp4.00000990.jpg None
../cam360/para_image/test_para.mp4.00000995.jpg [1870,692,149,149]
../cam360/para_image/test_para.mp4.00001000.jpg None
../cam360/para_image/test_para.mp4.00001005.jpg [1863,734,103,103]
../cam360/para_image/test_para.mp4.00001010.jpg [1849,745,87,87]
../cam360/para_image/test_para.mp4.00001015.jpg [1853,773,72,72]
../cam360/para_image/test_para.mp4.00001020.jpg [1853,773,72,72]
../cam360/para_image/test_para.mp4.00001025.jpg [1845,773,72,72]
../cam360/para_image/test_para.mp4.00001030.jpg [1845,781,72,72]
../cam360/para_image/test_para.mp4.00001035.jpg [1845,781,72,72]
../cam360/para_image/test_para.mp4.00001040.jpg [1853,781,72,72]
../cam360/para_image/test_para.mp4.00001045.jpg [1853,781,72,72]
../cam360/para_image/test_para.mp4.00001050.jpg [1853,781,72,72]
../cam360/para_image/test_para.mp4.00001055.jpg [1845,789,72,72]
../cam360/para_image/test_para.mp4.00001060.jpg [1845,789,72,72]
../cam360/para_image/test_para.mp4.00001065.jpg [1853,789,72,72]
../cam360/para_image/test_para.mp4.00001070.jpg [1869,781,72,72]
../cam360/para_image/test_para.mp4.00001075.jpg [1869,773,72,72]
../cam360/para_image/test_para.mp4.00001080.jpg [1869,773,72,72]
../cam360/para_image/test_para.mp4.00001085.jpg [1869,773,72,72]
../cam360/para_image/test_para.mp4.00001090.jpg None
../cam360/para_image/test_para.mp4.00001095.jpg None
../cam360/para_image/test_para.mp4.00001100.jpg None
../cam360/para_image/test_para.mp4.00001105.jpg None
../cam360/para_image/test_para.mp4.00001110.jpg None
../cam360/para_image/test_para.mp4.00001115.jpg None
../cam360/para_image/test_para.mp4.00001120.jpg [1821,773,72,72]
../cam360/para_image/test_para.mp4.00001125.jpg [1821,781,72,72]
../cam360/para_image/test_para.mp4.00001130.jpg [1821,789,72,72]
../cam360/para_image/test_para.mp4.00001135.jpg [1821,797,72,72]
../cam360/para_image/test_para.mp4.00001140.jpg None
../cam360/para_image/test_para.mp4.00001145.jpg None
../cam360/para_image/test_para.mp4.00001150.jpg None
../cam360/para_image/test_para.mp4.00001155.jpg [1861,797,72,72]
../cam360/para_image/test_para.mp4.00001160.jpg [1869,797,72,72]
../cam360/para_image/test_para.mp4.00001165.jpg [1869,789,72,72]
../cam360/para_image/test_para.mp4.00001170.jpg [1877,789,72,72]
../cam360/para_image/test_para.mp4.00001175.jpg [1877,789,72,72]
../cam360/para_image/test_para.mp4.00001180.jpg [1869,781,72,72]
../cam360/para_image/test_para.mp4.00001185.jpg [1859,774,86,87]
../cam360/para_image/test_para.mp4.00001190.jpg [1861,781,72,72]
../cam360/para_image/test_para.mp4.00001195.jpg [1853,789,72,72]
../cam360/para_image/test_para.mp4.00001200.jpg [1853,781,72,72]
../cam360/para_image/test_para.mp4.00001205.jpg [1853,781,72,72]
../cam360/para_image/test_para.mp4.00001210.jpg [1853,781,72,72]
../cam360/para_image/test_para.mp4.00001215.jpg [1853,781,72,72]
../cam360/para_image/test_para.mp4.00001220.jpg [1845,781,72,72]
../cam360/para_image/test_para.mp4.00001225.jpg None
../cam360/para_image/test_para.mp4.00001230.jpg None
../cam360/para_image/test_para.mp4.00001235.jpg [1829,781,72,72]
../cam360/para_image/test_para.mp4.00001240.jpg [1829,781,72,72]
../cam360/para_image/test_para.mp4.00001245.jpg [1837,797,72,72]
../cam360/para_image/test_para.mp4.00001250.jpg [1837,797,72,72]
../cam360/para_image/test_para.mp4.00001255.jpg [1845,805,72,72]
../cam360/para_image/test_para.mp4.00001260.jpg None
../cam360/para_image/test_para.mp4.00001265.jpg [1861,797,72,72]
../cam360/para_image/test_para.mp4.00001270.jpg [1861,789,72,72]
../cam360/para_image/test_para.mp4.00001275.jpg [1861,789,72,72]
../cam360/para_image/test_para.mp4.00001280.jpg [1859,774,86,87]
../cam360/para_image/test_para.mp4.00001285.jpg [1861,781,72,72]
../cam360/para_image/test_para.mp4.00001290.jpg [1861,781,72,72]
../cam360/para_image/test_para.mp4.00001295.jpg [1861,781,72,72]
../cam360/para_image/test_para.mp4.00001300.jpg [1861,781,72,72]
../cam360/para_image/test_para.mp4.00001305.jpg None
../cam360/para_image/test_para.mp4.00001310.jpg [1853,781,72,72]
../cam360/para_image/test_para.mp4.00001315.jpg None
../cam360/para_image/test_para.mp4.00001320.jpg [1845,781,72,72]
../cam360/para_image/test_para.mp4.00001325.jpg None
../cam360/para_image/test_para.mp4.00001330.jpg None
../cam360/para_image/test_para.mp4.00001335.jpg [1845,789,72,72]
../cam360/para_image/test_para.mp4.00001340.jpg [1845,789,72,72]
../cam360/para_image/test_para.mp4.00001345.jpg [1845,789,72,72]
../cam360/para_image/test_para.mp4.00001350.jpg [1845,789,72,72]
../cam360/para_image/test_para.mp4.00001355.jpg [1845,789,72,72]
../cam360/para_image/test_para.mp4.00001360.jpg [1845,789,72,72]
../cam360/para_image/test_para.mp4.00001365.jpg [1845,789,72,72]
../cam360/para_image/test_para.mp4.00001370.jpg [1845,789,72,72]
../cam360/para_image/test_para.mp4.00001375.jpg [1845,789,72,72]
../cam360/para_image/test_para.mp4.00001380.jpg [1845,789,72,72]
../cam360/para_image/test_para.mp4.00001385.jpg [1845,789,72,72]
../cam360/para_image/test_para.mp4.00001390.jpg [1845,789,72,72]
../cam360/para_image/test_para.mp4.00001395.jpg [1845,789,72,72]
../cam360/para_image/test_para.mp4.00001400.jpg [1845,789,72,72]
../cam360/para_image/test_para.mp4.00001405.jpg [1853,789,72,72]
../cam360/para_image/test_para.mp4.00001410.jpg [1853,789,72,72]
../cam360/para_image/test_para.mp4.00001415.jpg [1853,789,72,72]
../cam360/para_image/test_para.mp4.00001420.jpg [1853,789,72,72]
../cam360/para_image/test_para.mp4.00001425.jpg [1853,789,72,72]
../cam360/para_image/test_para.mp4.00001430.jpg [1853,789,72,72]
../cam360/para_image/test_para.mp4.00001435.jpg [1840,784,86,86]
../cam360/para_image/test_para.mp4.00001440.jpg [1845,789,72,72]
../cam360/para_image/test_para.mp4.00001445.jpg [1845,789,72,72]
../cam360/para_image/test_para.mp4.00001450.jpg [1853,789,72,72]
../cam360/para_image/test_para.mp4.00001455.jpg [1853,781,72,72]
../cam360/para_image/test_para.mp4.00001460.jpg [1853,781,72,72]
../cam360/para_image/test_para.mp4.00001465.jpg [1853,781,72,72]
../cam360/para_image/test_para.mp4.00001470.jpg [1853,781,72,72]
../cam360/para_image/test_para.mp4.00001475.jpg [1853,781,72,72]
../cam360/para_image/test_para.mp4.00001480.jpg [1853,781,72,72]
../cam360/para_image/test_para.mp4.00001485.jpg [1853,781,72,72]
../cam360/para_image/test_para.mp4.00001490.jpg [1853,781,72,72]
../cam360/para_image/test_para.mp4.00001495.jpg [1853,781,72,72]
../cam360/para_image/test_para.mp4.00001500.jpg [1853,781,72,72]
../cam360/para_image/test_para.mp4.00001505.jpg [1853,781,72,72]
../cam360/para_image/test_para.mp4.00001510.jpg [1853,781,72,72]
../cam360/para_image/test_para.mp4.00001515.jpg [1853,789,72,72]
../cam360/para_image/test_para.mp4.00001520.jpg [1853,789,72,72]
../cam360/para_image/test_para.mp4.00001525.jpg [1853,789,72,72]
../cam360/para_image/test_para.mp4.00001530.jpg [1853,789,72,72]
../cam360/para_image/test_para.mp4.00001535.jpg [1845,789,72,72]
../cam360/para_image/test_para.mp4.00001540.jpg [1840,784,86,86]
../cam360/para_image/test_para.mp4.00001545.jpg [1840,784,86,86]
../cam360/para_image/test_para.mp4.00001550.jpg [1845,789,72,72]
../cam360/para_image/test_para.mp4.00001555.jpg [1845,789,72,72]
../cam360/para_image/test_para.mp4.00001560.jpg None
../cam360/para_image/test_para.mp4.00001565.jpg [1853,789,72,72]
../cam360/para_image/test_para.mp4.00001570.jpg [1853,789,72,72]
../cam360/para_image/test_para.mp4.00001575.jpg [1853,781,72,72]
../cam360/para_image/test_para.mp4.00001580.jpg [1853,781,72,72]
../cam360/para_image/test_para.mp4.00001585.jpg [1853,781,72,72]
../cam360/para_image/test_para.mp4.00001590.jpg [1853,781,72,72]
../cam360/para_image/test_para.mp4.00001595.jpg [1853,781,72,72]
../cam360/para_image/test_para.mp4.00001600.jpg [1853,789,72,72]
../cam360/para_image/test_para.mp4.00001605.jpg [1853,789,72,72]
../cam360/para_image/test_para.mp4.00001610.jpg [1853,789,72,72]
../cam360/para_image/test_para.mp4.00001615.jpg [1853,789,72,72]
../cam360/para_image/test_para.mp4.00001620.jpg [1853,789,72,72]
../cam360/para_image/test_para.mp4.00001625.jpg [1853,789,72,72]
../cam360/para_image/test_para.mp4.00001630.jpg [1853,789,72,72]
../cam360/para_image/test_para.mp4.00001635.jpg [1853,789,72,72]
../cam360/para_image/test_para.mp4.00001640.jpg [1853,789,72,72]
../cam360/para_image/test_para.mp4.00001645.jpg [1845,781,72,72]
../cam360/para_image/test_para.mp4.00001650.jpg [1845,773,72,72]
../cam360/para_image/test_para.mp4.00001655.jpg None
../cam360/para_image/test_para.mp4.00001660.jpg None
../cam360/para_image/test_para.mp4.00001665.jpg None
../cam360/para_image/test_para.mp4.00001670.jpg None
../cam360/para_image/test_para.mp4.00001675.jpg None
../cam360/para_image/test_para.mp4.00001680.jpg None
../cam360/para_image/test_para.mp4.00001685.jpg None
../cam360/para_image/test_para.mp4.00001690.jpg None
../cam360/para_image/test_para.mp4.00001695.jpg None
../cam360/para_image/test_para.mp4.00001700.jpg None
../cam360/para_image/test_para.mp4.00001705.jpg None
../cam360/para_image/test_para.mp4.00001710.jpg None
../cam360/para_image/test_para.mp4.00001715.jpg None
../cam360/para_image/test_para.mp4.00001720.jpg None
../cam360/para_image/test_para.mp4.00001725.jpg None
../cam360/para_image/test_para.mp4.00001730.jpg None
../cam360/para_image/test_para.mp4.00001735.jpg None
../cam360/para_image/test_para.mp4.00001740.jpg None
../cam360/para_image/test_para.mp4.00001745.jpg None
../cam360/para_image/test_para.mp4.00001750.jpg None
../cam360/para_image/test_para.mp4.00001755.jpg None
../cam360/para_image/test_para.mp4.00001760.jpg None
../cam360/para_image/test_para.mp4.00001765.jpg None
../cam360/para_image/test_para.mp4.00001770.jpg None
../cam360/para_image/test_para.mp4.00001775.jpg [755,649,86,87]
../cam360/para_image/test_para.mp4.00001780.jpg None
../cam360/para_image/test_para.mp4.00001785.jpg None
../cam360/para_image/test_para.mp4.00001790.jpg None
../cam360/para_image/test_para.mp4.00001795.jpg None
../cam360/para_image/test_para.mp4.00001800.jpg None
../cam360/para_image/test_para.mp4.00001805.jpg None
../cam360/para_image/test_para.mp4.00001810.jpg None
../cam360/para_image/test_para.mp4.00001815.jpg None
../cam360/para_image/test_para.mp4.00001820.jpg None
../cam360/para_image/test_para.mp4.00001825.jpg None
../cam360/para_image/test_para.mp4.00001830.jpg None
../cam360/para_image/test_para.mp4.00001835.jpg None
../cam360/para_image/test_para.mp4.00001840.jpg None
../cam360/para_image/test_para.mp4.00001845.jpg None
../cam360/para_image/test_para.mp4.00001850.jpg None
../cam360/para_image/test_para.mp4.00001855.jpg None
../cam360/para_image/test_para.mp4.00001860.jpg None
../cam360/para_image/test_para.mp4.00001865.jpg None
../cam360/para_image/test_para.mp4.00001870.jpg None
../cam360/para_image/test_para.mp4.00001875.jpg None
../cam360/para_image/test_para.mp4.00001880.jpg None
../cam360/para_image/test_para.mp4.00001885.jpg None
../cam360/para_image/test_para.mp4.00001890.jpg None
../cam360/para_image/test_para.mp4.00001895.jpg None
../cam360/para_image/test_para.mp4.00001900.jpg None
../cam360/para_image/test_para.mp4.00001905.jpg None
../cam360/para_image/test_para.mp4.00001910.jpg [659,642,149,150]
../cam360/para_image/test_para.mp4.00001915.jpg [687,673,125,125]
../cam360/para_image/test_para.mp4.00001920.jpg None
../cam360/para_image/test_para.mp4.00001925.jpg None
../cam360/para_image/test_para.mp4.00001930.jpg None
../cam360/para_image/test_para.mp4.00001935.jpg None
../cam360/para_image/test_para.mp4.00001940.jpg [758,659,150,149]
../cam360/para_image/test_para.mp4.00001945.jpg [784,673,124,125]
../cam360/para_image/test_para.mp4.00001950.jpg [775,642,149,150]
../cam360/para_image/test_para.mp4.00001955.jpg [758,642,150,150]
../cam360/para_image/test_para.mp4.00001960.jpg [758,642,150,150]
../cam360/para_image/test_para.mp4.00001965.jpg [758,626,150,149]
../cam360/para_image/test_para.mp4.00001970.jpg None
../cam360/para_image/test_para.mp4.00001975.jpg None
../cam360/para_image/test_para.mp4.00001980.jpg None
../cam360/para_image/test_para.mp4.00001985.jpg None
../cam360/para_image/test_para.mp4.00001990.jpg None
../cam360/para_image/test_para.mp4.00001995.jpg None
../cam360/para_image/test_para.mp4.00002000.jpg None
../cam360/para_image/test_para.mp4.00002005.jpg None
../cam360/para_image/test_para.mp4.00002010.jpg None
../cam360/para_image/test_para.mp4.00002015.jpg None
../cam360/para_image/test_para.mp4.00002020.jpg None
../cam360/para_image/test_para.mp4.00002025.jpg None
../cam360/para_image/test_para.mp4.00002030.jpg None
../cam360/para_image/test_para.mp4.00002035.jpg None
../cam360/para_image/test_para.mp4.00002040.jpg None
../cam360/para_image/test_para.mp4.00002045.jpg None
../cam360/para_image/test_para.mp4.00002050.jpg None
../cam360/para_image/test_para.mp4.00002055.jpg None
../cam360/para_image/test_para.mp4.00002060.jpg None
../cam360/para_image/test_para.mp4.00002065.jpg None
../cam360/para_image/test_para.mp4.00002070.jpg None
../cam360/para_image/test_para.mp4.00002075.jpg None
../cam360/para_image/test_para.mp4.00002080.jpg None
../cam360/para_image/test_para.mp4.00002085.jpg None
../cam360/para_image/test_para.mp4.00002090.jpg None
../cam360/para_image/test_para.mp4.00002095.jpg None
../cam360/para_image/test_para.mp4.00002100.jpg None
../cam360/para_image/test_para.mp4.00002105.jpg None
../cam360/para_image/test_para.mp4.00002110.jpg None
../cam360/para_image/test_para.mp4.00002115.jpg None
../cam360/para_image/test_para.mp4.00002120.jpg None
../cam360/para_image/test_para.mp4.00002125.jpg None
../cam360/para_image/test_para.mp4.00002130.jpg None
../cam360/para_image/test_para.mp4.00002135.jpg None
../cam360/para_image/test_para.mp4.00002140.jpg None
../cam360/para_image/test_para.mp4.00002145.jpg None
../cam360/para_image/test_para.mp4.00002150.jpg None
../cam360/para_image/test_para.mp4.00002155.jpg None
../cam360/para_image/test_para.mp4.00002160.jpg None
../cam360/para_image/test_para.mp4.00002165.jpg None
../cam360/para_image/test_para.mp4.00002170.jpg None
../cam360/para_image/test_para.mp4.00002175.jpg None
../cam360/para_image/test_para.mp4.00002180.jpg None
../cam360/para_image/test_para.mp4.00002185.jpg None
../cam360/para_image/test_para.mp4.00002190.jpg None
../cam360/para_image/test_para.mp4.00002195.jpg None
../cam360/para_image/test_para.mp4.00002200.jpg None
../cam360/para_image/test_para.mp4.00002205.jpg None
../cam360/para_image/test_para.mp4.00002210.jpg None
../cam360/para_image/test_para.mp4.00002215.jpg None
../cam360/para_image/test_para.mp4.00002220.jpg None
../cam360/para_image/test_para.mp4.00002225.jpg None
../cam360/para_image/test_para.mp4.00002230.jpg None
../cam360/para_image/test_para.mp4.00002235.jpg None
../cam360/para_image/test_para.mp4.00002240.jpg None
../cam360/para_image/test_para.mp4.00002245.jpg None
../cam360/para_image/test_para.mp4.00002250.jpg None
../cam360/para_image/test_para.mp4.00002255.jpg None
../cam360/para_image/test_para.mp4.00002260.jpg None
../cam360/para_image/test_para.mp4.00002265.jpg None
../cam360/para_image/test_para.mp4.00002270.jpg None
../cam360/para_image/test_para.mp4.00002275.jpg None
../cam360/para_image/test_para.mp4.00002280.jpg None
../cam360/para_image/test_para.mp4.00002285.jpg None
../cam360/para_image/test_para.mp4.00002290.jpg None
../cam360/para_image/test_para.mp4.00002295.jpg None
../cam360/para_image/test_para.mp4.00002300.jpg None
../cam360/para_image/test_para.mp4.00002305.jpg None
../cam360/para_image/test_para.mp4.00002310.jpg None
../cam360/para_image/test_para.mp4.00002315.jpg None
../cam360/para_image/test_para.mp4.00002320.jpg [3521,688,104,103]
../cam360/para_image/test_para.mp4.00002325.jpg [3510,699,104,104]
../cam360/para_image/test_para.mp4.00002330.jpg [3510,699,104,104]
../cam360/para_image/test_para.mp4.00002335.jpg [3520,717,86,86]
../cam360/para_image/test_para.mp4.00002340.jpg [3530,717,86,86]
../cam360/para_image/test_para.mp4.00002345.jpg [3521,711,104,103]
../cam360/para_image/test_para.mp4.00002350.jpg [3521,711,104,103]
../cam360/para_image/test_para.mp4.00002355.jpg [3530,726,86,87]
../cam360/para_image/test_para.mp4.00002360.jpg [3530,726,86,87]
../cam360/para_image/test_para.mp4.00002365.jpg [3530,726,86,87]
../cam360/para_image/test_para.mp4.00002370.jpg [3530,726,86,87]
../cam360/para_image/test_para.mp4.00002375.jpg [3530,726,86,87]
../cam360/para_image/test_para.mp4.00002380.jpg None
../cam360/para_image/test_para.mp4.00002385.jpg None
../cam360/para_image/test_para.mp4.00002390.jpg None
../cam360/para_image/test_para.mp4.00002395.jpg None
../cam360/para_image/test_para.mp4.00002400.jpg None
../cam360/para_image/test_para.mp4.00002405.jpg None
../cam360/para_image/test_para.mp4.00002410.jpg None
../cam360/para_image/test_para.mp4.00002415.jpg [3487,711,104,103]
../cam360/para_image/test_para.mp4.00002420.jpg [3487,722,104,104]
../cam360/para_image/test_para.mp4.00002425.jpg None
../cam360/para_image/test_para.mp4.00002430.jpg None
../cam360/para_image/test_para.mp4.00002435.jpg [3521,734,104,103]
../cam360/para_image/test_para.mp4.00002440.jpg None
../cam360/para_image/test_para.mp4.00002445.jpg [3545,722,103,104]
../cam360/para_image/test_para.mp4.00002450.jpg [3556,711,104,103]
../cam360/para_image/test_para.mp4.00002455.jpg [3545,711,103,103]
../cam360/para_image/test_para.mp4.00002460.jpg None
../cam360/para_image/test_para.mp4.00002465.jpg None
../cam360/para_image/test_para.mp4.00002470.jpg None
../cam360/para_image/test_para.mp4.00002475.jpg None
../cam360/para_image/test_para.mp4.00002480.jpg [3521,711,104,103]
../cam360/para_image/test_para.mp4.00002485.jpg [3530,726,86,87]
../cam360/para_image/test_para.mp4.00002490.jpg [3530,726,86,87]
../cam360/para_image/test_para.mp4.00002495.jpg [3530,726,86,87]
../cam360/para_image/test_para.mp4.00002500.jpg [3530,726,86,87]
../cam360/para_image/test_para.mp4.00002505.jpg [3530,726,86,87]
../cam360/para_image/test_para.mp4.00002510.jpg [3521,711,104,103]
../cam360/para_image/test_para.mp4.00002515.jpg [3530,717,86,86]
../cam360/para_image/test_para.mp4.00002520.jpg None
../cam360/para_image/test_para.mp4.00002525.jpg None
../cam360/para_image/test_para.mp4.00002530.jpg None
../cam360/para_image/test_para.mp4.00002535.jpg None
../cam360/para_image/test_para.mp4.00002540.jpg [3530,726,86,87]
../cam360/para_image/test_para.mp4.00002545.jpg [3530,726,86,87]
../cam360/para_image/test_para.mp4.00002550.jpg [3539,726,87,87]
../cam360/para_image/test_para.mp4.00002555.jpg [3533,711,104,103]
../cam360/para_image/test_para.mp4.00002560.jpg [3533,711,104,103]
../cam360/para_image/test_para.mp4.00002565.jpg [3533,711,104,103]
../cam360/para_image/test_para.mp4.00002570.jpg [3533,711,104,103]
../cam360/para_image/test_para.mp4.00002575.jpg [3521,711,104,103]
../cam360/para_image/test_para.mp4.00002580.jpg None
../cam360/para_image/test_para.mp4.00002585.jpg None
../cam360/para_image/test_para.mp4.00002590.jpg None
../cam360/para_image/test_para.mp4.00002595.jpg None
../cam360/para_image/test_para.mp4.00002600.jpg None
../cam360/para_image/test_para.mp4.00002605.jpg None
../cam360/para_image/test_para.mp4.00002610.jpg None
../cam360/para_image/test_para.mp4.00002615.jpg [3510,711,104,103]
../cam360/para_image/test_para.mp4.00002620.jpg None
../cam360/para_image/test_para.mp4.00002625.jpg [3533,711,104,103]
../cam360/para_image/test_para.mp4.00002630.jpg [3533,711,104,103]
../cam360/para_image/test_para.mp4.00002635.jpg [3533,711,104,103]
../cam360/para_image/test_para.mp4.00002640.jpg [3533,711,104,103]
../cam360/para_image/test_para.mp4.00002645.jpg [3521,711,104,103]
../cam360/para_image/test_para.mp4.00002650.jpg [3530,726,86,87]
../cam360/para_image/test_para.mp4.00002655.jpg [3530,726,86,87]
../cam360/para_image/test_para.mp4.00002660.jpg [3530,726,86,87]
../cam360/para_image/test_para.mp4.00002665.jpg [3530,726,86,87]
../cam360/para_image/test_para.mp4.00002670.jpg [3530,726,86,87]
../cam360/para_image/test_para.mp4.00002675.jpg [3530,726,86,87]
../cam360/para_image/test_para.mp4.00002680.jpg [3530,726,86,87]
../cam360/para_image/test_para.mp4.00002685.jpg [3530,726,86,87]
../cam360/para_image/test_para.mp4.00002690.jpg [3530,726,86,87]
../cam360/para_image/test_para.mp4.00002695.jpg [3530,726,86,87]
../cam360/para_image/test_para.mp4.00002700.jpg [3530,726,86,87]
../cam360/para_image/test_para.mp4.00002705.jpg [3530,726,86,87]
../cam360/para_image/test_para.mp4.00002710.jpg [3530,726,86,87]
../cam360/para_image/test_para.mp4.00002715.jpg [3530,726,86,87]
../cam360/para_image/test_para.mp4.00002720.jpg [3530,726,86,87]
../cam360/para_image/test_para.mp4.00002725.jpg [3530,726,86,87]
../cam360/para_image/test_para.mp4.00002730.jpg [3510,722,104,104]
../cam360/para_image/test_para.mp4.00002735.jpg [3510,726,87,87]
../cam360/para_image/test_para.mp4.00002740.jpg None
../cam360/para_image/test_para.mp4.00002745.jpg None
../cam360/para_image/test_para.mp4.00002750.jpg None
../cam360/para_image/test_para.mp4.00002755.jpg None
../cam360/para_image/test_para.mp4.00002760.jpg None
../cam360/para_image/test_para.mp4.00002765.jpg None
../cam360/para_image/test_para.mp4.00002770.jpg None
../cam360/para_image/test_para.mp4.00002775.jpg [3462,626,150,149]
