/Users/nogaken/GoogleDrive/Lab/work/image/data/para_image_polar/test_omni.mp4.00000005.jpg []
/Users/nogaken/GoogleDrive/Lab/work/image/data/para_image_polar/test_omni.mp4.00000010.jpg []
/Users/nogaken/GoogleDrive/Lab/work/image/data/para_image_polar/test_omni.mp4.00000015.jpg []
/Users/nogaken/GoogleDrive/Lab/work/image/data/para_image_polar/test_omni.mp4.00000020.jpg []
/Users/nogaken/GoogleDrive/Lab/work/image/data/para_image_polar/test_omni.mp4.00000025.jpg []
/Users/nogaken/GoogleDrive/Lab/work/image/data/para_image_polar/test_omni.mp4.00000030.jpg []
/Users/nogaken/GoogleDrive/Lab/work/image/data/para_image_polar/test_omni.mp4.00000035.jpg []
/Users/nogaken/GoogleDrive/Lab/work/image/data/para_image_polar/test_omni.mp4.00000040.jpg []
/Users/nogaken/GoogleDrive/Lab/work/image/data/para_image_polar/test_omni.mp4.00000045.jpg []
/Users/nogaken/GoogleDrive/Lab/work/image/data/para_image_polar/test_omni.mp4.00000050.jpg []
/Users/nogaken/GoogleDrive/Lab/work/image/data/para_image_polar/test_omni.mp4.00000055.jpg []
/Users/nogaken/GoogleDrive/Lab/work/image/data/para_image_polar/test_omni.mp4.00000060.jpg []
/Users/nogaken/GoogleDrive/Lab/work/image/data/para_image_polar/test_omni.mp4.00000065.jpg []
/Users/nogaken/GoogleDrive/Lab/work/image/data/para_image_polar/test_omni.mp4.00000070.jpg []
/Users/nogaken/GoogleDrive/Lab/work/image/data/para_image_polar/test_omni.mp4.00000075.jpg [[1826, 689, 106, 106]]
/Users/nogaken/GoogleDrive/Lab/work/image/data/para_image_polar/test_omni.mp4.00000080.jpg [[1824, 691, 105, 105]]
/Users/nogaken/GoogleDrive/Lab/work/image/data/para_image_polar/test_omni.mp4.00000085.jpg [[1817, 686, 114, 114]]
/Users/nogaken/GoogleDrive/Lab/work/image/data/para_image_polar/test_omni.mp4.00000090.jpg []
/Users/nogaken/GoogleDrive/Lab/work/image/data/para_image_polar/test_omni.mp4.00000095.jpg []
/Users/nogaken/GoogleDrive/Lab/work/image/data/para_image_polar/test_omni.mp4.00000100.jpg []
/Users/nogaken/GoogleDrive/Lab/work/image/data/para_image_polar/test_omni.mp4.00000105.jpg []
/Users/nogaken/GoogleDrive/Lab/work/image/data/para_image_polar/test_omni.mp4.00000110.jpg []
/Users/nogaken/GoogleDrive/Lab/work/image/data/para_image_polar/test_omni.mp4.00000115.jpg []
/Users/nogaken/GoogleDrive/Lab/work/image/data/para_image_polar/test_omni.mp4.00000120.jpg []
/Users/nogaken/GoogleDrive/Lab/work/image/data/para_image_polar/test_omni.mp4.00000125.jpg []
/Users/nogaken/GoogleDrive/Lab/work/image/data/para_image_polar/test_omni.mp4.00000130.jpg [[1815, 675, 117, 117]]
/Users/nogaken/GoogleDrive/Lab/work/image/data/para_image_polar/test_omni.mp4.00000135.jpg []
/Users/nogaken/GoogleDrive/Lab/work/image/data/para_image_polar/test_omni.mp4.00000140.jpg [[1821, 684, 106, 106]]
/Users/nogaken/GoogleDrive/Lab/work/image/data/para_image_polar/test_omni.mp4.00000145.jpg [[1819, 678, 113, 113]]
/Users/nogaken/GoogleDrive/Lab/work/image/data/para_image_polar/test_omni.mp4.00000150.jpg []
/Users/nogaken/GoogleDrive/Lab/work/image/data/para_image_polar/test_omni.mp4.00000155.jpg [[1820, 680, 111, 111]]
/Users/nogaken/GoogleDrive/Lab/work/image/data/para_image_polar/test_omni.mp4.00000160.jpg []
/Users/nogaken/GoogleDrive/Lab/work/image/data/para_image_polar/test_omni.mp4.00000165.jpg []
/Users/nogaken/GoogleDrive/Lab/work/image/data/para_image_polar/test_omni.mp4.00000170.jpg []
/Users/nogaken/GoogleDrive/Lab/work/image/data/para_image_polar/test_omni.mp4.00000175.jpg [[1824, 688, 103, 103]]
/Users/nogaken/GoogleDrive/Lab/work/image/data/para_image_polar/test_omni.mp4.00000180.jpg []
/Users/nogaken/GoogleDrive/Lab/work/image/data/para_image_polar/test_omni.mp4.00000185.jpg [[1818, 687, 111, 111]]
/Users/nogaken/GoogleDrive/Lab/work/image/data/para_image_polar/test_omni.mp4.00000190.jpg []
/Users/nogaken/GoogleDrive/Lab/work/image/data/para_image_polar/test_omni.mp4.00000195.jpg []
/Users/nogaken/GoogleDrive/Lab/work/image/data/para_image_polar/test_omni.mp4.00000200.jpg []
/Users/nogaken/GoogleDrive/Lab/work/image/data/para_image_polar/test_omni.mp4.00000205.jpg []
/Users/nogaken/GoogleDrive/Lab/work/image/data/para_image_polar/test_omni.mp4.00000210.jpg []
/Users/nogaken/GoogleDrive/Lab/work/image/data/para_image_polar/test_omni.mp4.00000215.jpg []
/Users/nogaken/GoogleDrive/Lab/work/image/data/para_image_polar/test_omni.mp4.00000220.jpg []
/Users/nogaken/GoogleDrive/Lab/work/image/data/para_image_polar/test_omni.mp4.00000225.jpg []
/Users/nogaken/GoogleDrive/Lab/work/image/data/para_image_polar/test_omni.mp4.00000230.jpg []
/Users/nogaken/GoogleDrive/Lab/work/image/data/para_image_polar/test_omni.mp4.00000235.jpg []
/Users/nogaken/GoogleDrive/Lab/work/image/data/para_image_polar/test_omni.mp4.00000240.jpg [[1814, 682, 117, 117]]
/Users/nogaken/GoogleDrive/Lab/work/image/data/para_image_polar/test_omni.mp4.00000245.jpg []
/Users/nogaken/GoogleDrive/Lab/work/image/data/para_image_polar/test_omni.mp4.00000250.jpg []
/Users/nogaken/GoogleDrive/Lab/work/image/data/para_image_polar/test_omni.mp4.00000255.jpg []
/Users/nogaken/GoogleDrive/Lab/work/image/data/para_image_polar/test_omni.mp4.00000260.jpg []
/Users/nogaken/GoogleDrive/Lab/work/image/data/para_image_polar/test_omni.mp4.00000265.jpg []
/Users/nogaken/GoogleDrive/Lab/work/image/data/para_image_polar/test_omni.mp4.00000270.jpg []
/Users/nogaken/GoogleDrive/Lab/work/image/data/para_image_polar/test_omni.mp4.00000275.jpg []
/Users/nogaken/GoogleDrive/Lab/work/image/data/para_image_polar/test_omni.mp4.00000280.jpg []
/Users/nogaken/GoogleDrive/Lab/work/image/data/para_image_polar/test_omni.mp4.00000285.jpg []
/Users/nogaken/GoogleDrive/Lab/work/image/data/para_image_polar/test_omni.mp4.00000290.jpg []
/Users/nogaken/GoogleDrive/Lab/work/image/data/para_image_polar/test_omni.mp4.00000295.jpg []
/Users/nogaken/GoogleDrive/Lab/work/image/data/para_image_polar/test_omni.mp4.00000300.jpg []
/Users/nogaken/GoogleDrive/Lab/work/image/data/para_image_polar/test_omni.mp4.00000305.jpg []
/Users/nogaken/GoogleDrive/Lab/work/image/data/para_image_polar/test_omni.mp4.00000310.jpg []
/Users/nogaken/GoogleDrive/Lab/work/image/data/para_image_polar/test_omni.mp4.00000315.jpg []
/Users/nogaken/GoogleDrive/Lab/work/image/data/para_image_polar/test_omni.mp4.00000320.jpg []
/Users/nogaken/GoogleDrive/Lab/work/image/data/para_image_polar/test_omni.mp4.00000325.jpg []
/Users/nogaken/GoogleDrive/Lab/work/image/data/para_image_polar/test_omni.mp4.00000330.jpg []
/Users/nogaken/GoogleDrive/Lab/work/image/data/para_image_polar/test_omni.mp4.00000335.jpg [[1807, 679, 114, 114]]
/Users/nogaken/GoogleDrive/Lab/work/image/data/para_image_polar/test_omni.mp4.00000340.jpg [[1812, 681, 108, 108]]
/Users/nogaken/GoogleDrive/Lab/work/image/data/para_image_polar/test_omni.mp4.00000345.jpg []
/Users/nogaken/GoogleDrive/Lab/work/image/data/para_image_polar/test_omni.mp4.00000350.jpg []
/Users/nogaken/GoogleDrive/Lab/work/image/data/para_image_polar/test_omni.mp4.00000355.jpg []
/Users/nogaken/GoogleDrive/Lab/work/image/data/para_image_polar/test_omni.mp4.00000360.jpg []
/Users/nogaken/GoogleDrive/Lab/work/image/data/para_image_polar/test_omni.mp4.00000365.jpg [[1786, 663, 126, 126]]
/Users/nogaken/GoogleDrive/Lab/work/image/data/para_image_polar/test_omni.mp4.00000370.jpg [[1803, 628, 156, 156]]
/Users/nogaken/GoogleDrive/Lab/work/image/data/para_image_polar/test_omni.mp4.00000375.jpg [[1810, 579, 188, 188]]
/Users/nogaken/GoogleDrive/Lab/work/image/data/para_image_polar/test_omni.mp4.00000380.jpg []
/Users/nogaken/GoogleDrive/Lab/work/image/data/para_image_polar/test_omni.mp4.00000385.jpg [[1824, 604, 194, 194]]
/Users/nogaken/GoogleDrive/Lab/work/image/data/para_image_polar/test_omni.mp4.00000390.jpg [[1827, 651, 140, 140]]
/Users/nogaken/GoogleDrive/Lab/work/image/data/para_image_polar/test_omni.mp4.00000395.jpg [[1837, 673, 109, 109]]
/Users/nogaken/GoogleDrive/Lab/work/image/data/para_image_polar/test_omni.mp4.00000400.jpg [[1843, 703, 89, 89]]
/Users/nogaken/GoogleDrive/Lab/work/image/data/para_image_polar/test_omni.mp4.00000405.jpg [[1840, 719, 87, 87]]
/Users/nogaken/GoogleDrive/Lab/work/image/data/para_image_polar/test_omni.mp4.00000410.jpg [[1838, 728, 81, 81]]
/Users/nogaken/GoogleDrive/Lab/work/image/data/para_image_polar/test_omni.mp4.00000415.jpg [[1838, 731, 82, 82]]
/Users/nogaken/GoogleDrive/Lab/work/image/data/para_image_polar/test_omni.mp4.00000420.jpg [[1842, 736, 80, 80]]
/Users/nogaken/GoogleDrive/Lab/work/image/data/para_image_polar/test_omni.mp4.00000425.jpg [[1841, 735, 85, 85]]
/Users/nogaken/GoogleDrive/Lab/work/image/data/para_image_polar/test_omni.mp4.00000430.jpg [[1843, 737, 84, 84]]
/Users/nogaken/GoogleDrive/Lab/work/image/data/para_image_polar/test_omni.mp4.00000435.jpg [[1843, 740, 79, 79]]
/Users/nogaken/GoogleDrive/Lab/work/image/data/para_image_polar/test_omni.mp4.00000440.jpg [[1839, 740, 85, 85]]
/Users/nogaken/GoogleDrive/Lab/work/image/data/para_image_polar/test_omni.mp4.00000445.jpg [[1838, 738, 88, 88]]
/Users/nogaken/GoogleDrive/Lab/work/image/data/para_image_polar/test_omni.mp4.00000450.jpg [[1839, 739, 86, 86]]
/Users/nogaken/GoogleDrive/Lab/work/image/data/para_image_polar/test_omni.mp4.00000455.jpg [[1840, 740, 83, 83]]
/Users/nogaken/GoogleDrive/Lab/work/image/data/para_image_polar/test_omni.mp4.00000460.jpg [[1840, 740, 84, 84]]
/Users/nogaken/GoogleDrive/Lab/work/image/data/para_image_polar/test_omni.mp4.00000465.jpg [[1841, 741, 84, 84]]
/Users/nogaken/GoogleDrive/Lab/work/image/data/para_image_polar/test_omni.mp4.00000470.jpg [[1841, 741, 84, 84]]
/Users/nogaken/GoogleDrive/Lab/work/image/data/para_image_polar/test_omni.mp4.00000475.jpg [[1843, 742, 80, 80]]
/Users/nogaken/GoogleDrive/Lab/work/image/data/para_image_polar/test_omni.mp4.00000480.jpg [[1842, 741, 82, 82]]
/Users/nogaken/GoogleDrive/Lab/work/image/data/para_image_polar/test_omni.mp4.00000485.jpg [[1850, 737, 81, 81]]
/Users/nogaken/GoogleDrive/Lab/work/image/data/para_image_polar/test_omni.mp4.00000490.jpg [[1858, 740, 76, 76]]
/Users/nogaken/GoogleDrive/Lab/work/image/data/para_image_polar/test_omni.mp4.00000495.jpg [[1862, 741, 75, 75]]
/Users/nogaken/GoogleDrive/Lab/work/image/data/para_image_polar/test_omni.mp4.00000500.jpg [[1863, 742, 72, 72]]
/Users/nogaken/GoogleDrive/Lab/work/image/data/para_image_polar/test_omni.mp4.00000505.jpg [[1860, 740, 75, 75]]
/Users/nogaken/GoogleDrive/Lab/work/image/data/para_image_polar/test_omni.mp4.00000510.jpg [[1862, 743, 72, 72]]
/Users/nogaken/GoogleDrive/Lab/work/image/data/para_image_polar/test_omni.mp4.00000515.jpg [[1861, 740, 74, 74]]
/Users/nogaken/GoogleDrive/Lab/work/image/data/para_image_polar/test_omni.mp4.00000520.jpg [[1862, 740, 74, 74]]
/Users/nogaken/GoogleDrive/Lab/work/image/data/para_image_polar/test_omni.mp4.00000525.jpg [[1861, 742, 72, 72]]
/Users/nogaken/GoogleDrive/Lab/work/image/data/para_image_polar/test_omni.mp4.00000530.jpg [[1860, 740, 76, 76]]
/Users/nogaken/GoogleDrive/Lab/work/image/data/para_image_polar/test_omni.mp4.00000535.jpg [[1860, 740, 75, 75]]
/Users/nogaken/GoogleDrive/Lab/work/image/data/para_image_polar/test_omni.mp4.00000540.jpg [[1860, 742, 74, 74]]
/Users/nogaken/GoogleDrive/Lab/work/image/data/para_image_polar/test_omni.mp4.00000545.jpg [[1859, 740, 77, 77]]
/Users/nogaken/GoogleDrive/Lab/work/image/data/para_image_polar/test_omni.mp4.00000550.jpg [[1860, 741, 75, 75]]
/Users/nogaken/GoogleDrive/Lab/work/image/data/para_image_polar/test_omni.mp4.00000555.jpg [[1860, 741, 75, 75]]
/Users/nogaken/GoogleDrive/Lab/work/image/data/para_image_polar/test_omni.mp4.00000560.jpg [[1860, 742, 73, 73]]
/Users/nogaken/GoogleDrive/Lab/work/image/data/para_image_polar/test_omni.mp4.00000565.jpg [[1858, 741, 77, 77]]
/Users/nogaken/GoogleDrive/Lab/work/image/data/para_image_polar/test_omni.mp4.00000570.jpg [[1857, 741, 77, 77]]
/Users/nogaken/GoogleDrive/Lab/work/image/data/para_image_polar/test_omni.mp4.00000575.jpg [[1859, 742, 74, 74]]
/Users/nogaken/GoogleDrive/Lab/work/image/data/para_image_polar/test_omni.mp4.00000580.jpg [[1862, 746, 75, 75]]
/Users/nogaken/GoogleDrive/Lab/work/image/data/para_image_polar/test_omni.mp4.00000585.jpg [[1864, 748, 79, 79]]
/Users/nogaken/GoogleDrive/Lab/work/image/data/para_image_polar/test_omni.mp4.00000590.jpg [[1863, 746, 86, 86]]
/Users/nogaken/GoogleDrive/Lab/work/image/data/para_image_polar/test_omni.mp4.00000595.jpg []
/Users/nogaken/GoogleDrive/Lab/work/image/data/para_image_polar/test_omni.mp4.00000600.jpg [[1858, 745, 93, 93]]
/Users/nogaken/GoogleDrive/Lab/work/image/data/para_image_polar/test_omni.mp4.00000605.jpg []
/Users/nogaken/GoogleDrive/Lab/work/image/data/para_image_polar/test_omni.mp4.00000610.jpg []
/Users/nogaken/GoogleDrive/Lab/work/image/data/para_image_polar/test_omni.mp4.00000615.jpg []
/Users/nogaken/GoogleDrive/Lab/work/image/data/para_image_polar/test_omni.mp4.00000620.jpg [[1851, 742, 102, 102]]
/Users/nogaken/GoogleDrive/Lab/work/image/data/para_image_polar/test_omni.mp4.00000625.jpg []
/Users/nogaken/GoogleDrive/Lab/work/image/data/para_image_polar/test_omni.mp4.00000630.jpg []
/Users/nogaken/GoogleDrive/Lab/work/image/data/para_image_polar/test_omni.mp4.00000635.jpg []
/Users/nogaken/GoogleDrive/Lab/work/image/data/para_image_polar/test_omni.mp4.00000640.jpg []
/Users/nogaken/GoogleDrive/Lab/work/image/data/para_image_polar/test_omni.mp4.00000645.jpg []
/Users/nogaken/GoogleDrive/Lab/work/image/data/para_image_polar/test_omni.mp4.00000650.jpg []
/Users/nogaken/GoogleDrive/Lab/work/image/data/para_image_polar/test_omni.mp4.00000655.jpg []
/Users/nogaken/GoogleDrive/Lab/work/image/data/para_image_polar/test_omni.mp4.00000660.jpg []
/Users/nogaken/GoogleDrive/Lab/work/image/data/para_image_polar/test_omni.mp4.00000665.jpg []
/Users/nogaken/GoogleDrive/Lab/work/image/data/para_image_polar/test_omni.mp4.00000670.jpg []
/Users/nogaken/GoogleDrive/Lab/work/image/data/para_image_polar/test_omni.mp4.00000675.jpg []
/Users/nogaken/GoogleDrive/Lab/work/image/data/para_image_polar/test_omni.mp4.00000680.jpg []
/Users/nogaken/GoogleDrive/Lab/work/image/data/para_image_polar/test_omni.mp4.00000685.jpg []
/Users/nogaken/GoogleDrive/Lab/work/image/data/para_image_polar/test_omni.mp4.00000690.jpg []
/Users/nogaken/GoogleDrive/Lab/work/image/data/para_image_polar/test_omni.mp4.00000695.jpg []
/Users/nogaken/GoogleDrive/Lab/work/image/data/para_image_polar/test_omni.mp4.00000700.jpg []
/Users/nogaken/GoogleDrive/Lab/work/image/data/para_image_polar/test_omni.mp4.00000705.jpg []
/Users/nogaken/GoogleDrive/Lab/work/image/data/para_image_polar/test_omni.mp4.00000710.jpg []
/Users/nogaken/GoogleDrive/Lab/work/image/data/para_image_polar/test_omni.mp4.00000715.jpg []
/Users/nogaken/GoogleDrive/Lab/work/image/data/para_image_polar/test_omni.mp4.00000720.jpg []
/Users/nogaken/GoogleDrive/Lab/work/image/data/para_image_polar/test_omni.mp4.00000725.jpg []
/Users/nogaken/GoogleDrive/Lab/work/image/data/para_image_polar/test_omni.mp4.00000730.jpg []
/Users/nogaken/GoogleDrive/Lab/work/image/data/para_image_polar/test_omni.mp4.00000735.jpg []
/Users/nogaken/GoogleDrive/Lab/work/image/data/para_image_polar/test_omni.mp4.00000740.jpg []
/Users/nogaken/GoogleDrive/Lab/work/image/data/para_image_polar/test_omni.mp4.00000745.jpg []
/Users/nogaken/GoogleDrive/Lab/work/image/data/para_image_polar/test_omni.mp4.00000750.jpg [[1846, 730, 74, 74]]
/Users/nogaken/GoogleDrive/Lab/work/image/data/para_image_polar/test_omni.mp4.00000755.jpg []
/Users/nogaken/GoogleDrive/Lab/work/image/data/para_image_polar/test_omni.mp4.00000760.jpg []
/Users/nogaken/GoogleDrive/Lab/work/image/data/para_image_polar/test_omni.mp4.00000765.jpg [[1827, 732, 80, 80]]
/Users/nogaken/GoogleDrive/Lab/work/image/data/para_image_polar/test_omni.mp4.00000770.jpg []
/Users/nogaken/GoogleDrive/Lab/work/image/data/para_image_polar/test_omni.mp4.00000775.jpg [[1823, 742, 71, 71]]
/Users/nogaken/GoogleDrive/Lab/work/image/data/para_image_polar/test_omni.mp4.00000780.jpg [[1819, 749, 69, 69]]
/Users/nogaken/GoogleDrive/Lab/work/image/data/para_image_polar/test_omni.mp4.00000785.jpg []
/Users/nogaken/GoogleDrive/Lab/work/image/data/para_image_polar/test_omni.mp4.00000790.jpg []
/Users/nogaken/GoogleDrive/Lab/work/image/data/para_image_polar/test_omni.mp4.00000795.jpg []
/Users/nogaken/GoogleDrive/Lab/work/image/data/para_image_polar/test_omni.mp4.00000800.jpg []
/Users/nogaken/GoogleDrive/Lab/work/image/data/para_image_polar/test_omni.mp4.00000805.jpg []
/Users/nogaken/GoogleDrive/Lab/work/image/data/para_image_polar/test_omni.mp4.00000810.jpg []
/Users/nogaken/GoogleDrive/Lab/work/image/data/para_image_polar/test_omni.mp4.00000815.jpg []
/Users/nogaken/GoogleDrive/Lab/work/image/data/para_image_polar/test_omni.mp4.00000820.jpg []
/Users/nogaken/GoogleDrive/Lab/work/image/data/para_image_polar/test_omni.mp4.00000825.jpg []
/Users/nogaken/GoogleDrive/Lab/work/image/data/para_image_polar/test_omni.mp4.00000830.jpg []
/Users/nogaken/GoogleDrive/Lab/work/image/data/para_image_polar/test_omni.mp4.00000835.jpg [[1881, 746, 76, 76]]
/Users/nogaken/GoogleDrive/Lab/work/image/data/para_image_polar/test_omni.mp4.00000840.jpg [[1877, 742, 77, 77]]
/Users/nogaken/GoogleDrive/Lab/work/image/data/para_image_polar/test_omni.mp4.00000845.jpg [[1880, 745, 65, 65]]
/Users/nogaken/GoogleDrive/Lab/work/image/data/para_image_polar/test_omni.mp4.00000850.jpg [[1872, 740, 68, 68]]
/Users/nogaken/GoogleDrive/Lab/work/image/data/para_image_polar/test_omni.mp4.00000855.jpg [[1862, 733, 77, 77]]
/Users/nogaken/GoogleDrive/Lab/work/image/data/para_image_polar/test_omni.mp4.00000860.jpg [[1854, 731, 78, 78]]
/Users/nogaken/GoogleDrive/Lab/work/image/data/para_image_polar/test_omni.mp4.00000865.jpg [[1846, 727, 84, 84]]
/Users/nogaken/GoogleDrive/Lab/work/image/data/para_image_polar/test_omni.mp4.00000870.jpg [[1844, 731, 80, 80]]
/Users/nogaken/GoogleDrive/Lab/work/image/data/para_image_polar/test_omni.mp4.00000875.jpg [[1839, 733, 80, 80]]
/Users/nogaken/GoogleDrive/Lab/work/image/data/para_image_polar/test_omni.mp4.00000880.jpg [[1839, 736, 78, 78]]
/Users/nogaken/GoogleDrive/Lab/work/image/data/para_image_polar/test_omni.mp4.00000885.jpg [[1839, 736, 82, 82]]
/Users/nogaken/GoogleDrive/Lab/work/image/data/para_image_polar/test_omni.mp4.00000890.jpg [[1841, 736, 81, 81]]
/Users/nogaken/GoogleDrive/Lab/work/image/data/para_image_polar/test_omni.mp4.00000895.jpg [[1841, 736, 80, 80]]
/Users/nogaken/GoogleDrive/Lab/work/image/data/para_image_polar/test_omni.mp4.00000900.jpg [[1840, 735, 84, 84]]
/Users/nogaken/GoogleDrive/Lab/work/image/data/para_image_polar/test_omni.mp4.00000905.jpg [[1842, 738, 81, 81]]
/Users/nogaken/GoogleDrive/Lab/work/image/data/para_image_polar/test_omni.mp4.00000910.jpg [[1841, 737, 83, 83]]
/Users/nogaken/GoogleDrive/Lab/work/image/data/para_image_polar/test_omni.mp4.00000915.jpg [[1843, 738, 80, 80]]
/Users/nogaken/GoogleDrive/Lab/work/image/data/para_image_polar/test_omni.mp4.00000920.jpg [[1841, 737, 85, 85]]
/Users/nogaken/GoogleDrive/Lab/work/image/data/para_image_polar/test_omni.mp4.00000925.jpg [[1842, 738, 84, 84]]
/Users/nogaken/GoogleDrive/Lab/work/image/data/para_image_polar/test_omni.mp4.00000930.jpg [[1842, 737, 87, 87]]
/Users/nogaken/GoogleDrive/Lab/work/image/data/para_image_polar/test_omni.mp4.00000935.jpg [[1842, 736, 86, 86]]
/Users/nogaken/GoogleDrive/Lab/work/image/data/para_image_polar/test_omni.mp4.00000940.jpg [[1846, 738, 83, 83]]
/Users/nogaken/GoogleDrive/Lab/work/image/data/para_image_polar/test_omni.mp4.00000945.jpg [[1844, 737, 88, 88]]
/Users/nogaken/GoogleDrive/Lab/work/image/data/para_image_polar/test_omni.mp4.00000950.jpg [[1847, 739, 85, 85]]
/Users/nogaken/GoogleDrive/Lab/work/image/data/para_image_polar/test_omni.mp4.00000955.jpg [[1847, 741, 81, 81]]
/Users/nogaken/GoogleDrive/Lab/work/image/data/para_image_polar/test_omni.mp4.00000960.jpg [[1846, 740, 86, 86]]
/Users/nogaken/GoogleDrive/Lab/work/image/data/para_image_polar/test_omni.mp4.00000965.jpg [[1848, 741, 83, 83]]
/Users/nogaken/GoogleDrive/Lab/work/image/data/para_image_polar/test_omni.mp4.00000970.jpg [[1844, 738, 92, 92]]
/Users/nogaken/GoogleDrive/Lab/work/image/data/para_image_polar/test_omni.mp4.00000975.jpg [[1847, 741, 83, 83]]
/Users/nogaken/GoogleDrive/Lab/work/image/data/para_image_polar/test_omni.mp4.00000980.jpg [[1840, 734, 96, 96]]
/Users/nogaken/GoogleDrive/Lab/work/image/data/para_image_polar/test_omni.mp4.00000985.jpg []
/Users/nogaken/GoogleDrive/Lab/work/image/data/para_image_polar/test_omni.mp4.00000990.jpg [[1842, 678, 144, 144]]
/Users/nogaken/GoogleDrive/Lab/work/image/data/para_image_polar/test_omni.mp4.00000995.jpg []
/Users/nogaken/GoogleDrive/Lab/work/image/data/para_image_polar/test_omni.mp4.00001000.jpg [[1854, 706, 140, 140]]
/Users/nogaken/GoogleDrive/Lab/work/image/data/para_image_polar/test_omni.mp4.00001005.jpg [[1844, 711, 114, 114]]
/Users/nogaken/GoogleDrive/Lab/work/image/data/para_image_polar/test_omni.mp4.00001010.jpg [[1846, 737, 80, 80]]
/Users/nogaken/GoogleDrive/Lab/work/image/data/para_image_polar/test_omni.mp4.00001015.jpg [[1845, 757, 70, 70]]
/Users/nogaken/GoogleDrive/Lab/work/image/data/para_image_polar/test_omni.mp4.00001020.jpg [[1844, 764, 63, 63]]
/Users/nogaken/GoogleDrive/Lab/work/image/data/para_image_polar/test_omni.mp4.00001025.jpg [[1841, 765, 66, 66]]
/Users/nogaken/GoogleDrive/Lab/work/image/data/para_image_polar/test_omni.mp4.00001030.jpg [[1842, 766, 64, 64]]
/Users/nogaken/GoogleDrive/Lab/work/image/data/para_image_polar/test_omni.mp4.00001035.jpg [[1842, 768, 67, 67]]
/Users/nogaken/GoogleDrive/Lab/work/image/data/para_image_polar/test_omni.mp4.00001040.jpg [[1842, 772, 66, 66]]
/Users/nogaken/GoogleDrive/Lab/work/image/data/para_image_polar/test_omni.mp4.00001045.jpg [[1843, 771, 67, 67]]
/Users/nogaken/GoogleDrive/Lab/work/image/data/para_image_polar/test_omni.mp4.00001050.jpg [[1843, 771, 66, 66]]
/Users/nogaken/GoogleDrive/Lab/work/image/data/para_image_polar/test_omni.mp4.00001055.jpg [[1841, 773, 66, 66]]
/Users/nogaken/GoogleDrive/Lab/work/image/data/para_image_polar/test_omni.mp4.00001060.jpg [[1842, 773, 64, 64]]
/Users/nogaken/GoogleDrive/Lab/work/image/data/para_image_polar/test_omni.mp4.00001065.jpg [[1845, 772, 67, 67]]
/Users/nogaken/GoogleDrive/Lab/work/image/data/para_image_polar/test_omni.mp4.00001070.jpg [[1865, 776, 56, 56]]
/Users/nogaken/GoogleDrive/Lab/work/image/data/para_image_polar/test_omni.mp4.00001075.jpg [[1869, 773, 54, 54]]
/Users/nogaken/GoogleDrive/Lab/work/image/data/para_image_polar/test_omni.mp4.00001080.jpg []
/Users/nogaken/GoogleDrive/Lab/work/image/data/para_image_polar/test_omni.mp4.00001085.jpg []
/Users/nogaken/GoogleDrive/Lab/work/image/data/para_image_polar/test_omni.mp4.00001090.jpg []
/Users/nogaken/GoogleDrive/Lab/work/image/data/para_image_polar/test_omni.mp4.00001095.jpg []
/Users/nogaken/GoogleDrive/Lab/work/image/data/para_image_polar/test_omni.mp4.00001100.jpg []
/Users/nogaken/GoogleDrive/Lab/work/image/data/para_image_polar/test_omni.mp4.00001105.jpg []
/Users/nogaken/GoogleDrive/Lab/work/image/data/para_image_polar/test_omni.mp4.00001110.jpg []
/Users/nogaken/GoogleDrive/Lab/work/image/data/para_image_polar/test_omni.mp4.00001115.jpg []
/Users/nogaken/GoogleDrive/Lab/work/image/data/para_image_polar/test_omni.mp4.00001120.jpg []
/Users/nogaken/GoogleDrive/Lab/work/image/data/para_image_polar/test_omni.mp4.00001125.jpg []
/Users/nogaken/GoogleDrive/Lab/work/image/data/para_image_polar/test_omni.mp4.00001130.jpg []
/Users/nogaken/GoogleDrive/Lab/work/image/data/para_image_polar/test_omni.mp4.00001135.jpg []
/Users/nogaken/GoogleDrive/Lab/work/image/data/para_image_polar/test_omni.mp4.00001140.jpg []
/Users/nogaken/GoogleDrive/Lab/work/image/data/para_image_polar/test_omni.mp4.00001145.jpg []
/Users/nogaken/GoogleDrive/Lab/work/image/data/para_image_polar/test_omni.mp4.00001150.jpg []
/Users/nogaken/GoogleDrive/Lab/work/image/data/para_image_polar/test_omni.mp4.00001155.jpg []
/Users/nogaken/GoogleDrive/Lab/work/image/data/para_image_polar/test_omni.mp4.00001160.jpg []
/Users/nogaken/GoogleDrive/Lab/work/image/data/para_image_polar/test_omni.mp4.00001165.jpg []
/Users/nogaken/GoogleDrive/Lab/work/image/data/para_image_polar/test_omni.mp4.00001170.jpg [[1872, 780, 65, 65]]
/Users/nogaken/GoogleDrive/Lab/work/image/data/para_image_polar/test_omni.mp4.00001175.jpg [[1870, 779, 64, 64]]
/Users/nogaken/GoogleDrive/Lab/work/image/data/para_image_polar/test_omni.mp4.00001180.jpg [[1872, 780, 56, 56]]
/Users/nogaken/GoogleDrive/Lab/work/image/data/para_image_polar/test_omni.mp4.00001185.jpg [[1861, 776, 63, 63]]
/Users/nogaken/GoogleDrive/Lab/work/image/data/para_image_polar/test_omni.mp4.00001190.jpg [[1854, 773, 65, 65]]
/Users/nogaken/GoogleDrive/Lab/work/image/data/para_image_polar/test_omni.mp4.00001195.jpg [[1849, 772, 66, 66]]
/Users/nogaken/GoogleDrive/Lab/work/image/data/para_image_polar/test_omni.mp4.00001200.jpg [[1852, 773, 62, 62]]
/Users/nogaken/GoogleDrive/Lab/work/image/data/para_image_polar/test_omni.mp4.00001205.jpg [[1852, 771, 62, 62]]
/Users/nogaken/GoogleDrive/Lab/work/image/data/para_image_polar/test_omni.mp4.00001210.jpg [[1848, 768, 66, 66]]
/Users/nogaken/GoogleDrive/Lab/work/image/data/para_image_polar/test_omni.mp4.00001215.jpg [[1845, 769, 63, 63]]
/Users/nogaken/GoogleDrive/Lab/work/image/data/para_image_polar/test_omni.mp4.00001220.jpg [[1842, 770, 59, 59]]
/Users/nogaken/GoogleDrive/Lab/work/image/data/para_image_polar/test_omni.mp4.00001225.jpg [[1835, 768, 64, 64]]
/Users/nogaken/GoogleDrive/Lab/work/image/data/para_image_polar/test_omni.mp4.00001230.jpg [[1830, 767, 68, 68]]
/Users/nogaken/GoogleDrive/Lab/work/image/data/para_image_polar/test_omni.mp4.00001235.jpg [[1828, 771, 64, 64]]
/Users/nogaken/GoogleDrive/Lab/work/image/data/para_image_polar/test_omni.mp4.00001240.jpg [[1826, 776, 65, 65]]
/Users/nogaken/GoogleDrive/Lab/work/image/data/para_image_polar/test_omni.mp4.00001245.jpg [[1827, 779, 68, 68]]
/Users/nogaken/GoogleDrive/Lab/work/image/data/para_image_polar/test_omni.mp4.00001250.jpg [[1827, 776, 79, 79]]
/Users/nogaken/GoogleDrive/Lab/work/image/data/para_image_polar/test_omni.mp4.00001255.jpg [[1832, 778, 82, 82]]
/Users/nogaken/GoogleDrive/Lab/work/image/data/para_image_polar/test_omni.mp4.00001260.jpg [[1841, 779, 79, 79]]
/Users/nogaken/GoogleDrive/Lab/work/image/data/para_image_polar/test_omni.mp4.00001265.jpg [[1852, 783, 70, 70]]
/Users/nogaken/GoogleDrive/Lab/work/image/data/para_image_polar/test_omni.mp4.00001270.jpg [[1858, 779, 68, 68]]
/Users/nogaken/GoogleDrive/Lab/work/image/data/para_image_polar/test_omni.mp4.00001275.jpg [[1860, 775, 70, 70]]
/Users/nogaken/GoogleDrive/Lab/work/image/data/para_image_polar/test_omni.mp4.00001280.jpg [[1863, 776, 63, 63]]
/Users/nogaken/GoogleDrive/Lab/work/image/data/para_image_polar/test_omni.mp4.00001285.jpg [[1861, 774, 62, 62]]
/Users/nogaken/GoogleDrive/Lab/work/image/data/para_image_polar/test_omni.mp4.00001290.jpg [[1861, 774, 60, 60]]
/Users/nogaken/GoogleDrive/Lab/work/image/data/para_image_polar/test_omni.mp4.00001295.jpg [[1862, 774, 56, 56]]
/Users/nogaken/GoogleDrive/Lab/work/image/data/para_image_polar/test_omni.mp4.00001300.jpg [[1859, 772, 59, 59]]
/Users/nogaken/GoogleDrive/Lab/work/image/data/para_image_polar/test_omni.mp4.00001305.jpg [[1854, 770, 60, 60]]
/Users/nogaken/GoogleDrive/Lab/work/image/data/para_image_polar/test_omni.mp4.00001310.jpg [[1850, 769, 62, 62]]
/Users/nogaken/GoogleDrive/Lab/work/image/data/para_image_polar/test_omni.mp4.00001315.jpg [[1844, 769, 64, 64]]
/Users/nogaken/GoogleDrive/Lab/work/image/data/para_image_polar/test_omni.mp4.00001320.jpg [[1841, 770, 60, 60]]
/Users/nogaken/GoogleDrive/Lab/work/image/data/para_image_polar/test_omni.mp4.00001325.jpg [[1835, 771, 64, 64]]
/Users/nogaken/GoogleDrive/Lab/work/image/data/para_image_polar/test_omni.mp4.00001330.jpg [[1833, 770, 69, 69]]
/Users/nogaken/GoogleDrive/Lab/work/image/data/para_image_polar/test_omni.mp4.00001335.jpg [[1835, 773, 68, 68]]
/Users/nogaken/GoogleDrive/Lab/work/image/data/para_image_polar/test_omni.mp4.00001340.jpg [[1838, 776, 62, 62]]
/Users/nogaken/GoogleDrive/Lab/work/image/data/para_image_polar/test_omni.mp4.00001345.jpg [[1839, 775, 64, 64]]
/Users/nogaken/GoogleDrive/Lab/work/image/data/para_image_polar/test_omni.mp4.00001350.jpg [[1842, 776, 63, 63]]
/Users/nogaken/GoogleDrive/Lab/work/image/data/para_image_polar/test_omni.mp4.00001355.jpg [[1838, 772, 69, 69]]
/Users/nogaken/GoogleDrive/Lab/work/image/data/para_image_polar/test_omni.mp4.00001360.jpg [[1841, 773, 66, 66]]
/Users/nogaken/GoogleDrive/Lab/work/image/data/para_image_polar/test_omni.mp4.00001365.jpg [[1839, 773, 66, 66]]
/Users/nogaken/GoogleDrive/Lab/work/image/data/para_image_polar/test_omni.mp4.00001370.jpg [[1840, 774, 62, 62]]
/Users/nogaken/GoogleDrive/Lab/work/image/data/para_image_polar/test_omni.mp4.00001375.jpg [[1840, 775, 62, 62]]
/Users/nogaken/GoogleDrive/Lab/work/image/data/para_image_polar/test_omni.mp4.00001380.jpg [[1838, 776, 64, 64]]
/Users/nogaken/GoogleDrive/Lab/work/image/data/para_image_polar/test_omni.mp4.00001385.jpg [[1835, 773, 72, 72]]
/Users/nogaken/GoogleDrive/Lab/work/image/data/para_image_polar/test_omni.mp4.00001390.jpg [[1836, 777, 69, 69]]
/Users/nogaken/GoogleDrive/Lab/work/image/data/para_image_polar/test_omni.mp4.00001395.jpg [[1834, 773, 75, 75]]
/Users/nogaken/GoogleDrive/Lab/work/image/data/para_image_polar/test_omni.mp4.00001400.jpg [[1838, 774, 74, 74]]
/Users/nogaken/GoogleDrive/Lab/work/image/data/para_image_polar/test_omni.mp4.00001405.jpg [[1840, 774, 71, 71]]
/Users/nogaken/GoogleDrive/Lab/work/image/data/para_image_polar/test_omni.mp4.00001410.jpg [[1841, 774, 71, 71]]
/Users/nogaken/GoogleDrive/Lab/work/image/data/para_image_polar/test_omni.mp4.00001415.jpg [[1844, 776, 66, 66]]
/Users/nogaken/GoogleDrive/Lab/work/image/data/para_image_polar/test_omni.mp4.00001420.jpg [[1847, 778, 61, 61]]
/Users/nogaken/GoogleDrive/Lab/work/image/data/para_image_polar/test_omni.mp4.00001425.jpg [[1848, 778, 59, 59]]
/Users/nogaken/GoogleDrive/Lab/work/image/data/para_image_polar/test_omni.mp4.00001430.jpg [[1844, 777, 63, 63]]
/Users/nogaken/GoogleDrive/Lab/work/image/data/para_image_polar/test_omni.mp4.00001435.jpg [[1844, 777, 60, 60]]
/Users/nogaken/GoogleDrive/Lab/work/image/data/para_image_polar/test_omni.mp4.00001440.jpg [[1841, 775, 68, 68]]
/Users/nogaken/GoogleDrive/Lab/work/image/data/para_image_polar/test_omni.mp4.00001445.jpg [[1842, 774, 63, 63]]
/Users/nogaken/GoogleDrive/Lab/work/image/data/para_image_polar/test_omni.mp4.00001450.jpg [[1845, 774, 62, 62]]
/Users/nogaken/GoogleDrive/Lab/work/image/data/para_image_polar/test_omni.mp4.00001455.jpg [[1848, 773, 63, 63]]
/Users/nogaken/GoogleDrive/Lab/work/image/data/para_image_polar/test_omni.mp4.00001460.jpg [[1849, 773, 65, 65]]
/Users/nogaken/GoogleDrive/Lab/work/image/data/para_image_polar/test_omni.mp4.00001465.jpg [[1847, 772, 65, 65]]
/Users/nogaken/GoogleDrive/Lab/work/image/data/para_image_polar/test_omni.mp4.00001470.jpg [[1847, 772, 63, 63]]
/Users/nogaken/GoogleDrive/Lab/work/image/data/para_image_polar/test_omni.mp4.00001475.jpg [[1846, 773, 63, 63]]
/Users/nogaken/GoogleDrive/Lab/work/image/data/para_image_polar/test_omni.mp4.00001480.jpg [[1846, 773, 62, 62]]
/Users/nogaken/GoogleDrive/Lab/work/image/data/para_image_polar/test_omni.mp4.00001485.jpg [[1844, 772, 65, 65]]
/Users/nogaken/GoogleDrive/Lab/work/image/data/para_image_polar/test_omni.mp4.00001490.jpg [[1845, 772, 62, 62]]
/Users/nogaken/GoogleDrive/Lab/work/image/data/para_image_polar/test_omni.mp4.00001495.jpg [[1846, 774, 60, 60]]
/Users/nogaken/GoogleDrive/Lab/work/image/data/para_image_polar/test_omni.mp4.00001500.jpg [[1844, 773, 64, 64]]
/Users/nogaken/GoogleDrive/Lab/work/image/data/para_image_polar/test_omni.mp4.00001505.jpg [[1847, 775, 60, 60]]
/Users/nogaken/GoogleDrive/Lab/work/image/data/para_image_polar/test_omni.mp4.00001510.jpg [[1846, 773, 64, 64]]
/Users/nogaken/GoogleDrive/Lab/work/image/data/para_image_polar/test_omni.mp4.00001515.jpg [[1846, 774, 64, 64]]
/Users/nogaken/GoogleDrive/Lab/work/image/data/para_image_polar/test_omni.mp4.00001520.jpg [[1843, 772, 67, 67]]
/Users/nogaken/GoogleDrive/Lab/work/image/data/para_image_polar/test_omni.mp4.00001525.jpg [[1845, 773, 66, 66]]
/Users/nogaken/GoogleDrive/Lab/work/image/data/para_image_polar/test_omni.mp4.00001530.jpg [[1846, 774, 61, 61]]
/Users/nogaken/GoogleDrive/Lab/work/image/data/para_image_polar/test_omni.mp4.00001535.jpg [[1841, 772, 69, 69]]
/Users/nogaken/GoogleDrive/Lab/work/image/data/para_image_polar/test_omni.mp4.00001540.jpg [[1840, 772, 68, 68]]
/Users/nogaken/GoogleDrive/Lab/work/image/data/para_image_polar/test_omni.mp4.00001545.jpg [[1841, 773, 66, 66]]
/Users/nogaken/GoogleDrive/Lab/work/image/data/para_image_polar/test_omni.mp4.00001550.jpg [[1842, 773, 65, 65]]
/Users/nogaken/GoogleDrive/Lab/work/image/data/para_image_polar/test_omni.mp4.00001555.jpg [[1842, 773, 65, 65]]
/Users/nogaken/GoogleDrive/Lab/work/image/data/para_image_polar/test_omni.mp4.00001560.jpg [[1844, 773, 64, 64]]
/Users/nogaken/GoogleDrive/Lab/work/image/data/para_image_polar/test_omni.mp4.00001565.jpg [[1845, 774, 62, 62]]
/Users/nogaken/GoogleDrive/Lab/work/image/data/para_image_polar/test_omni.mp4.00001570.jpg [[1844, 773, 65, 65]]
/Users/nogaken/GoogleDrive/Lab/work/image/data/para_image_polar/test_omni.mp4.00001575.jpg [[1845, 773, 65, 65]]
/Users/nogaken/GoogleDrive/Lab/work/image/data/para_image_polar/test_omni.mp4.00001580.jpg [[1848, 774, 61, 61]]
/Users/nogaken/GoogleDrive/Lab/work/image/data/para_image_polar/test_omni.mp4.00001585.jpg [[1849, 772, 63, 63]]
/Users/nogaken/GoogleDrive/Lab/work/image/data/para_image_polar/test_omni.mp4.00001590.jpg [[1848, 774, 63, 63]]
/Users/nogaken/GoogleDrive/Lab/work/image/data/para_image_polar/test_omni.mp4.00001595.jpg [[1847, 774, 63, 63]]
/Users/nogaken/GoogleDrive/Lab/work/image/data/para_image_polar/test_omni.mp4.00001600.jpg [[1845, 772, 65, 65]]
/Users/nogaken/GoogleDrive/Lab/work/image/data/para_image_polar/test_omni.mp4.00001605.jpg [[1846, 774, 64, 64]]
/Users/nogaken/GoogleDrive/Lab/work/image/data/para_image_polar/test_omni.mp4.00001610.jpg [[1848, 774, 61, 61]]
/Users/nogaken/GoogleDrive/Lab/work/image/data/para_image_polar/test_omni.mp4.00001615.jpg [[1847, 774, 63, 63]]
/Users/nogaken/GoogleDrive/Lab/work/image/data/para_image_polar/test_omni.mp4.00001620.jpg [[1847, 773, 64, 64]]
/Users/nogaken/GoogleDrive/Lab/work/image/data/para_image_polar/test_omni.mp4.00001625.jpg [[1845, 772, 66, 66]]
/Users/nogaken/GoogleDrive/Lab/work/image/data/para_image_polar/test_omni.mp4.00001630.jpg [[1845, 772, 67, 67]]
/Users/nogaken/GoogleDrive/Lab/work/image/data/para_image_polar/test_omni.mp4.00001635.jpg [[1846, 773, 65, 65]]
/Users/nogaken/GoogleDrive/Lab/work/image/data/para_image_polar/test_omni.mp4.00001640.jpg [[1845, 774, 67, 67]]
/Users/nogaken/GoogleDrive/Lab/work/image/data/para_image_polar/test_omni.mp4.00001645.jpg [[1842, 770, 65, 65]]
/Users/nogaken/GoogleDrive/Lab/work/image/data/para_image_polar/test_omni.mp4.00001650.jpg [[1827, 754, 83, 83]]
/Users/nogaken/GoogleDrive/Lab/work/image/data/para_image_polar/test_omni.mp4.00001655.jpg [[1802, 736, 106, 106]]
/Users/nogaken/GoogleDrive/Lab/work/image/data/para_image_polar/test_omni.mp4.00001660.jpg []
/Users/nogaken/GoogleDrive/Lab/work/image/data/para_image_polar/test_omni.mp4.00001665.jpg []
/Users/nogaken/GoogleDrive/Lab/work/image/data/para_image_polar/test_omni.mp4.00001670.jpg []
/Users/nogaken/GoogleDrive/Lab/work/image/data/para_image_polar/test_omni.mp4.00001675.jpg []
/Users/nogaken/GoogleDrive/Lab/work/image/data/para_image_polar/test_omni.mp4.00001680.jpg []
/Users/nogaken/GoogleDrive/Lab/work/image/data/para_image_polar/test_omni.mp4.00001685.jpg []
/Users/nogaken/GoogleDrive/Lab/work/image/data/para_image_polar/test_omni.mp4.00001690.jpg []
/Users/nogaken/GoogleDrive/Lab/work/image/data/para_image_polar/test_omni.mp4.00001695.jpg []
/Users/nogaken/GoogleDrive/Lab/work/image/data/para_image_polar/test_omni.mp4.00001700.jpg []
/Users/nogaken/GoogleDrive/Lab/work/image/data/para_image_polar/test_omni.mp4.00001705.jpg []
/Users/nogaken/GoogleDrive/Lab/work/image/data/para_image_polar/test_omni.mp4.00001710.jpg []
/Users/nogaken/GoogleDrive/Lab/work/image/data/para_image_polar/test_omni.mp4.00001715.jpg []
/Users/nogaken/GoogleDrive/Lab/work/image/data/para_image_polar/test_omni.mp4.00001720.jpg []
/Users/nogaken/GoogleDrive/Lab/work/image/data/para_image_polar/test_omni.mp4.00001725.jpg []
/Users/nogaken/GoogleDrive/Lab/work/image/data/para_image_polar/test_omni.mp4.00001730.jpg []
/Users/nogaken/GoogleDrive/Lab/work/image/data/para_image_polar/test_omni.mp4.00001735.jpg []
/Users/nogaken/GoogleDrive/Lab/work/image/data/para_image_polar/test_omni.mp4.00001740.jpg []
/Users/nogaken/GoogleDrive/Lab/work/image/data/para_image_polar/test_omni.mp4.00001745.jpg []
/Users/nogaken/GoogleDrive/Lab/work/image/data/para_image_polar/test_omni.mp4.00001750.jpg []
/Users/nogaken/GoogleDrive/Lab/work/image/data/para_image_polar/test_omni.mp4.00001755.jpg []
/Users/nogaken/GoogleDrive/Lab/work/image/data/para_image_polar/test_omni.mp4.00001760.jpg []
/Users/nogaken/GoogleDrive/Lab/work/image/data/para_image_polar/test_omni.mp4.00001765.jpg []
/Users/nogaken/GoogleDrive/Lab/work/image/data/para_image_polar/test_omni.mp4.00001770.jpg []
/Users/nogaken/GoogleDrive/Lab/work/image/data/para_image_polar/test_omni.mp4.00001775.jpg []
/Users/nogaken/GoogleDrive/Lab/work/image/data/para_image_polar/test_omni.mp4.00001780.jpg []
/Users/nogaken/GoogleDrive/Lab/work/image/data/para_image_polar/test_omni.mp4.00001785.jpg []
/Users/nogaken/GoogleDrive/Lab/work/image/data/para_image_polar/test_omni.mp4.00001790.jpg []
/Users/nogaken/GoogleDrive/Lab/work/image/data/para_image_polar/test_omni.mp4.00001795.jpg []
/Users/nogaken/GoogleDrive/Lab/work/image/data/para_image_polar/test_omni.mp4.00001800.jpg []
/Users/nogaken/GoogleDrive/Lab/work/image/data/para_image_polar/test_omni.mp4.00001805.jpg []
/Users/nogaken/GoogleDrive/Lab/work/image/data/para_image_polar/test_omni.mp4.00001810.jpg []
/Users/nogaken/GoogleDrive/Lab/work/image/data/para_image_polar/test_omni.mp4.00001815.jpg []
/Users/nogaken/GoogleDrive/Lab/work/image/data/para_image_polar/test_omni.mp4.00001820.jpg []
/Users/nogaken/GoogleDrive/Lab/work/image/data/para_image_polar/test_omni.mp4.00001825.jpg []
/Users/nogaken/GoogleDrive/Lab/work/image/data/para_image_polar/test_omni.mp4.00001830.jpg []
/Users/nogaken/GoogleDrive/Lab/work/image/data/para_image_polar/test_omni.mp4.00001835.jpg []
/Users/nogaken/GoogleDrive/Lab/work/image/data/para_image_polar/test_omni.mp4.00001840.jpg []
/Users/nogaken/GoogleDrive/Lab/work/image/data/para_image_polar/test_omni.mp4.00001845.jpg []
/Users/nogaken/GoogleDrive/Lab/work/image/data/para_image_polar/test_omni.mp4.00001850.jpg []
/Users/nogaken/GoogleDrive/Lab/work/image/data/para_image_polar/test_omni.mp4.00001855.jpg [[738, 645, 120, 120]]
/Users/nogaken/GoogleDrive/Lab/work/image/data/para_image_polar/test_omni.mp4.00001860.jpg [[744, 642, 120, 120]]
/Users/nogaken/GoogleDrive/Lab/work/image/data/para_image_polar/test_omni.mp4.00001865.jpg []
/Users/nogaken/GoogleDrive/Lab/work/image/data/para_image_polar/test_omni.mp4.00001870.jpg []
/Users/nogaken/GoogleDrive/Lab/work/image/data/para_image_polar/test_omni.mp4.00001875.jpg []
/Users/nogaken/GoogleDrive/Lab/work/image/data/para_image_polar/test_omni.mp4.00001880.jpg []
/Users/nogaken/GoogleDrive/Lab/work/image/data/para_image_polar/test_omni.mp4.00001885.jpg []
/Users/nogaken/GoogleDrive/Lab/work/image/data/para_image_polar/test_omni.mp4.00001890.jpg []
/Users/nogaken/GoogleDrive/Lab/work/image/data/para_image_polar/test_omni.mp4.00001895.jpg []
/Users/nogaken/GoogleDrive/Lab/work/image/data/para_image_polar/test_omni.mp4.00001900.jpg []
/Users/nogaken/GoogleDrive/Lab/work/image/data/para_image_polar/test_omni.mp4.00001905.jpg []
/Users/nogaken/GoogleDrive/Lab/work/image/data/para_image_polar/test_omni.mp4.00001910.jpg []
/Users/nogaken/GoogleDrive/Lab/work/image/data/para_image_polar/test_omni.mp4.00001915.jpg []
/Users/nogaken/GoogleDrive/Lab/work/image/data/para_image_polar/test_omni.mp4.00001920.jpg []
/Users/nogaken/GoogleDrive/Lab/work/image/data/para_image_polar/test_omni.mp4.00001925.jpg []
/Users/nogaken/GoogleDrive/Lab/work/image/data/para_image_polar/test_omni.mp4.00001930.jpg []
/Users/nogaken/GoogleDrive/Lab/work/image/data/para_image_polar/test_omni.mp4.00001935.jpg []
/Users/nogaken/GoogleDrive/Lab/work/image/data/para_image_polar/test_omni.mp4.00001940.jpg []
/Users/nogaken/GoogleDrive/Lab/work/image/data/para_image_polar/test_omni.mp4.00001945.jpg []
/Users/nogaken/GoogleDrive/Lab/work/image/data/para_image_polar/test_omni.mp4.00001950.jpg []
/Users/nogaken/GoogleDrive/Lab/work/image/data/para_image_polar/test_omni.mp4.00001955.jpg []
/Users/nogaken/GoogleDrive/Lab/work/image/data/para_image_polar/test_omni.mp4.00001960.jpg []
/Users/nogaken/GoogleDrive/Lab/work/image/data/para_image_polar/test_omni.mp4.00001965.jpg []
/Users/nogaken/GoogleDrive/Lab/work/image/data/para_image_polar/test_omni.mp4.00001970.jpg []
/Users/nogaken/GoogleDrive/Lab/work/image/data/para_image_polar/test_omni.mp4.00001975.jpg []
/Users/nogaken/GoogleDrive/Lab/work/image/data/para_image_polar/test_omni.mp4.00001980.jpg []
/Users/nogaken/GoogleDrive/Lab/work/image/data/para_image_polar/test_omni.mp4.00001985.jpg []
/Users/nogaken/GoogleDrive/Lab/work/image/data/para_image_polar/test_omni.mp4.00001990.jpg [[702, 649, 118, 118]]
/Users/nogaken/GoogleDrive/Lab/work/image/data/para_image_polar/test_omni.mp4.00001995.jpg [[699, 658, 136, 136]]
/Users/nogaken/GoogleDrive/Lab/work/image/data/para_image_polar/test_omni.mp4.00002000.jpg []
/Users/nogaken/GoogleDrive/Lab/work/image/data/para_image_polar/test_omni.mp4.00002005.jpg []
/Users/nogaken/GoogleDrive/Lab/work/image/data/para_image_polar/test_omni.mp4.00002010.jpg []
/Users/nogaken/GoogleDrive/Lab/work/image/data/para_image_polar/test_omni.mp4.00002015.jpg [[754, 653, 136, 136]]
/Users/nogaken/GoogleDrive/Lab/work/image/data/para_image_polar/test_omni.mp4.00002020.jpg [[763, 641, 132, 132]]
/Users/nogaken/GoogleDrive/Lab/work/image/data/para_image_polar/test_omni.mp4.00002025.jpg []
/Users/nogaken/GoogleDrive/Lab/work/image/data/para_image_polar/test_omni.mp4.00002030.jpg []
/Users/nogaken/GoogleDrive/Lab/work/image/data/para_image_polar/test_omni.mp4.00002035.jpg []
/Users/nogaken/GoogleDrive/Lab/work/image/data/para_image_polar/test_omni.mp4.00002040.jpg []
/Users/nogaken/GoogleDrive/Lab/work/image/data/para_image_polar/test_omni.mp4.00002045.jpg []
/Users/nogaken/GoogleDrive/Lab/work/image/data/para_image_polar/test_omni.mp4.00002050.jpg []
/Users/nogaken/GoogleDrive/Lab/work/image/data/para_image_polar/test_omni.mp4.00002055.jpg []
/Users/nogaken/GoogleDrive/Lab/work/image/data/para_image_polar/test_omni.mp4.00002060.jpg []
/Users/nogaken/GoogleDrive/Lab/work/image/data/para_image_polar/test_omni.mp4.00002065.jpg []
/Users/nogaken/GoogleDrive/Lab/work/image/data/para_image_polar/test_omni.mp4.00002070.jpg []
/Users/nogaken/GoogleDrive/Lab/work/image/data/para_image_polar/test_omni.mp4.00002075.jpg []
/Users/nogaken/GoogleDrive/Lab/work/image/data/para_image_polar/test_omni.mp4.00002080.jpg []
/Users/nogaken/GoogleDrive/Lab/work/image/data/para_image_polar/test_omni.mp4.00002085.jpg []
/Users/nogaken/GoogleDrive/Lab/work/image/data/para_image_polar/test_omni.mp4.00002090.jpg []
/Users/nogaken/GoogleDrive/Lab/work/image/data/para_image_polar/test_omni.mp4.00002095.jpg []
/Users/nogaken/GoogleDrive/Lab/work/image/data/para_image_polar/test_omni.mp4.00002100.jpg [[709, 644, 109, 109]]
/Users/nogaken/GoogleDrive/Lab/work/image/data/para_image_polar/test_omni.mp4.00002105.jpg []
/Users/nogaken/GoogleDrive/Lab/work/image/data/para_image_polar/test_omni.mp4.00002110.jpg []
/Users/nogaken/GoogleDrive/Lab/work/image/data/para_image_polar/test_omni.mp4.00002115.jpg []
/Users/nogaken/GoogleDrive/Lab/work/image/data/para_image_polar/test_omni.mp4.00002120.jpg []
/Users/nogaken/GoogleDrive/Lab/work/image/data/para_image_polar/test_omni.mp4.00002125.jpg []
/Users/nogaken/GoogleDrive/Lab/work/image/data/para_image_polar/test_omni.mp4.00002130.jpg []
/Users/nogaken/GoogleDrive/Lab/work/image/data/para_image_polar/test_omni.mp4.00002135.jpg []
/Users/nogaken/GoogleDrive/Lab/work/image/data/para_image_polar/test_omni.mp4.00002140.jpg [[766, 647, 120, 120]]
/Users/nogaken/GoogleDrive/Lab/work/image/data/para_image_polar/test_omni.mp4.00002145.jpg []
/Users/nogaken/GoogleDrive/Lab/work/image/data/para_image_polar/test_omni.mp4.00002150.jpg []
/Users/nogaken/GoogleDrive/Lab/work/image/data/para_image_polar/test_omni.mp4.00002155.jpg []
/Users/nogaken/GoogleDrive/Lab/work/image/data/para_image_polar/test_omni.mp4.00002160.jpg []
/Users/nogaken/GoogleDrive/Lab/work/image/data/para_image_polar/test_omni.mp4.00002165.jpg []
/Users/nogaken/GoogleDrive/Lab/work/image/data/para_image_polar/test_omni.mp4.00002170.jpg []
/Users/nogaken/GoogleDrive/Lab/work/image/data/para_image_polar/test_omni.mp4.00002175.jpg []
/Users/nogaken/GoogleDrive/Lab/work/image/data/para_image_polar/test_omni.mp4.00002180.jpg []
/Users/nogaken/GoogleDrive/Lab/work/image/data/para_image_polar/test_omni.mp4.00002185.jpg []
/Users/nogaken/GoogleDrive/Lab/work/image/data/para_image_polar/test_omni.mp4.00002190.jpg [[730, 643, 126, 126]]
/Users/nogaken/GoogleDrive/Lab/work/image/data/para_image_polar/test_omni.mp4.00002195.jpg [[735, 652, 120, 120]]
/Users/nogaken/GoogleDrive/Lab/work/image/data/para_image_polar/test_omni.mp4.00002200.jpg []
/Users/nogaken/GoogleDrive/Lab/work/image/data/para_image_polar/test_omni.mp4.00002205.jpg []
/Users/nogaken/GoogleDrive/Lab/work/image/data/para_image_polar/test_omni.mp4.00002210.jpg []
/Users/nogaken/GoogleDrive/Lab/work/image/data/para_image_polar/test_omni.mp4.00002215.jpg []
/Users/nogaken/GoogleDrive/Lab/work/image/data/para_image_polar/test_omni.mp4.00002220.jpg []
/Users/nogaken/GoogleDrive/Lab/work/image/data/para_image_polar/test_omni.mp4.00002225.jpg []
/Users/nogaken/GoogleDrive/Lab/work/image/data/para_image_polar/test_omni.mp4.00002230.jpg []
/Users/nogaken/GoogleDrive/Lab/work/image/data/para_image_polar/test_omni.mp4.00002235.jpg []
/Users/nogaken/GoogleDrive/Lab/work/image/data/para_image_polar/test_omni.mp4.00002240.jpg []
/Users/nogaken/GoogleDrive/Lab/work/image/data/para_image_polar/test_omni.mp4.00002245.jpg []
/Users/nogaken/GoogleDrive/Lab/work/image/data/para_image_polar/test_omni.mp4.00002250.jpg []
/Users/nogaken/GoogleDrive/Lab/work/image/data/para_image_polar/test_omni.mp4.00002255.jpg []
/Users/nogaken/GoogleDrive/Lab/work/image/data/para_image_polar/test_omni.mp4.00002260.jpg []
/Users/nogaken/GoogleDrive/Lab/work/image/data/para_image_polar/test_omni.mp4.00002265.jpg []
/Users/nogaken/GoogleDrive/Lab/work/image/data/para_image_polar/test_omni.mp4.00002270.jpg []
/Users/nogaken/GoogleDrive/Lab/work/image/data/para_image_polar/test_omni.mp4.00002275.jpg []
/Users/nogaken/GoogleDrive/Lab/work/image/data/para_image_polar/test_omni.mp4.00002280.jpg []
/Users/nogaken/GoogleDrive/Lab/work/image/data/para_image_polar/test_omni.mp4.00002285.jpg []
/Users/nogaken/GoogleDrive/Lab/work/image/data/para_image_polar/test_omni.mp4.00002290.jpg []
/Users/nogaken/GoogleDrive/Lab/work/image/data/para_image_polar/test_omni.mp4.00002295.jpg []
/Users/nogaken/GoogleDrive/Lab/work/image/data/para_image_polar/test_omni.mp4.00002300.jpg []
/Users/nogaken/GoogleDrive/Lab/work/image/data/para_image_polar/test_omni.mp4.00002305.jpg []
/Users/nogaken/GoogleDrive/Lab/work/image/data/para_image_polar/test_omni.mp4.00002310.jpg []
/Users/nogaken/GoogleDrive/Lab/work/image/data/para_image_polar/test_omni.mp4.00002315.jpg [[3536, 633, 118, 118]]
/Users/nogaken/GoogleDrive/Lab/work/image/data/para_image_polar/test_omni.mp4.00002320.jpg [[3518, 650, 106, 106]]
/Users/nogaken/GoogleDrive/Lab/work/image/data/para_image_polar/test_omni.mp4.00002325.jpg [[3511, 665, 98, 98]]
/Users/nogaken/GoogleDrive/Lab/work/image/data/para_image_polar/test_omni.mp4.00002330.jpg [[3511, 669, 98, 98]]
/Users/nogaken/GoogleDrive/Lab/work/image/data/para_image_polar/test_omni.mp4.00002335.jpg [[3513, 674, 98, 98]]
/Users/nogaken/GoogleDrive/Lab/work/image/data/para_image_polar/test_omni.mp4.00002340.jpg [[3518, 677, 100, 100]]
/Users/nogaken/GoogleDrive/Lab/work/image/data/para_image_polar/test_omni.mp4.00002345.jpg [[3521, 682, 93, 93]]
/Users/nogaken/GoogleDrive/Lab/work/image/data/para_image_polar/test_omni.mp4.00002350.jpg [[3524, 686, 88, 88]]
/Users/nogaken/GoogleDrive/Lab/work/image/data/para_image_polar/test_omni.mp4.00002355.jpg [[3519, 686, 94, 94]]
/Users/nogaken/GoogleDrive/Lab/work/image/data/para_image_polar/test_omni.mp4.00002360.jpg [[3517, 685, 100, 100]]
/Users/nogaken/GoogleDrive/Lab/work/image/data/para_image_polar/test_omni.mp4.00002365.jpg [[3519, 685, 99, 99]]
/Users/nogaken/GoogleDrive/Lab/work/image/data/para_image_polar/test_omni.mp4.00002370.jpg [[3527, 690, 89, 89]]
/Users/nogaken/GoogleDrive/Lab/work/image/data/para_image_polar/test_omni.mp4.00002375.jpg [[3528, 691, 87, 87]]
/Users/nogaken/GoogleDrive/Lab/work/image/data/para_image_polar/test_omni.mp4.00002380.jpg [[3530, 688, 89, 89]]
/Users/nogaken/GoogleDrive/Lab/work/image/data/para_image_polar/test_omni.mp4.00002385.jpg [[3536, 684, 84, 84]]
/Users/nogaken/GoogleDrive/Lab/work/image/data/para_image_polar/test_omni.mp4.00002390.jpg [[3532, 677, 88, 88]]
/Users/nogaken/GoogleDrive/Lab/work/image/data/para_image_polar/test_omni.mp4.00002395.jpg [[3528, 679, 81, 81]]
/Users/nogaken/GoogleDrive/Lab/work/image/data/para_image_polar/test_omni.mp4.00002400.jpg [[3511, 675, 90, 90]]
/Users/nogaken/GoogleDrive/Lab/work/image/data/para_image_polar/test_omni.mp4.00002405.jpg []
/Users/nogaken/GoogleDrive/Lab/work/image/data/para_image_polar/test_omni.mp4.00002410.jpg []
/Users/nogaken/GoogleDrive/Lab/work/image/data/para_image_polar/test_omni.mp4.00002415.jpg []
/Users/nogaken/GoogleDrive/Lab/work/image/data/para_image_polar/test_omni.mp4.00002420.jpg []
/Users/nogaken/GoogleDrive/Lab/work/image/data/para_image_polar/test_omni.mp4.00002425.jpg []
/Users/nogaken/GoogleDrive/Lab/work/image/data/para_image_polar/test_omni.mp4.00002430.jpg [[3506, 707, 98, 98]]
/Users/nogaken/GoogleDrive/Lab/work/image/data/para_image_polar/test_omni.mp4.00002435.jpg [[3519, 702, 102, 102]]
/Users/nogaken/GoogleDrive/Lab/work/image/data/para_image_polar/test_omni.mp4.00002440.jpg []
/Users/nogaken/GoogleDrive/Lab/work/image/data/para_image_polar/test_omni.mp4.00002445.jpg []
/Users/nogaken/GoogleDrive/Lab/work/image/data/para_image_polar/test_omni.mp4.00002450.jpg []
/Users/nogaken/GoogleDrive/Lab/work/image/data/para_image_polar/test_omni.mp4.00002455.jpg [[3553, 685, 84, 84]]
/Users/nogaken/GoogleDrive/Lab/work/image/data/para_image_polar/test_omni.mp4.00002460.jpg []
/Users/nogaken/GoogleDrive/Lab/work/image/data/para_image_polar/test_omni.mp4.00002465.jpg [[3533, 682, 81, 81]]
/Users/nogaken/GoogleDrive/Lab/work/image/data/para_image_polar/test_omni.mp4.00002470.jpg [[3523, 680, 87, 87]]
/Users/nogaken/GoogleDrive/Lab/work/image/data/para_image_polar/test_omni.mp4.00002475.jpg [[3519, 684, 92, 92]]
/Users/nogaken/GoogleDrive/Lab/work/image/data/para_image_polar/test_omni.mp4.00002480.jpg [[3517, 683, 96, 96]]
/Users/nogaken/GoogleDrive/Lab/work/image/data/para_image_polar/test_omni.mp4.00002485.jpg [[3520, 688, 91, 91]]
/Users/nogaken/GoogleDrive/Lab/work/image/data/para_image_polar/test_omni.mp4.00002490.jpg [[3517, 684, 97, 97]]
/Users/nogaken/GoogleDrive/Lab/work/image/data/para_image_polar/test_omni.mp4.00002495.jpg [[3517, 684, 96, 96]]
/Users/nogaken/GoogleDrive/Lab/work/image/data/para_image_polar/test_omni.mp4.00002500.jpg [[3518, 683, 98, 98]]
/Users/nogaken/GoogleDrive/Lab/work/image/data/para_image_polar/test_omni.mp4.00002505.jpg [[3517, 682, 100, 100]]
/Users/nogaken/GoogleDrive/Lab/work/image/data/para_image_polar/test_omni.mp4.00002510.jpg [[3520, 684, 94, 94]]
/Users/nogaken/GoogleDrive/Lab/work/image/data/para_image_polar/test_omni.mp4.00002515.jpg [[3518, 680, 94, 94]]
/Users/nogaken/GoogleDrive/Lab/work/image/data/para_image_polar/test_omni.mp4.00002520.jpg [[3514, 677, 99, 99]]
/Users/nogaken/GoogleDrive/Lab/work/image/data/para_image_polar/test_omni.mp4.00002525.jpg [[3514, 677, 100, 100]]
/Users/nogaken/GoogleDrive/Lab/work/image/data/para_image_polar/test_omni.mp4.00002530.jpg [[3516, 682, 92, 92]]
/Users/nogaken/GoogleDrive/Lab/work/image/data/para_image_polar/test_omni.mp4.00002535.jpg [[3514, 684, 98, 98]]
/Users/nogaken/GoogleDrive/Lab/work/image/data/para_image_polar/test_omni.mp4.00002540.jpg [[3513, 683, 99, 99]]
/Users/nogaken/GoogleDrive/Lab/work/image/data/para_image_polar/test_omni.mp4.00002545.jpg [[3516, 681, 104, 104]]
/Users/nogaken/GoogleDrive/Lab/work/image/data/para_image_polar/test_omni.mp4.00002550.jpg [[3528, 686, 96, 96]]
/Users/nogaken/GoogleDrive/Lab/work/image/data/para_image_polar/test_omni.mp4.00002555.jpg [[3530, 686, 93, 93]]
/Users/nogaken/GoogleDrive/Lab/work/image/data/para_image_polar/test_omni.mp4.00002560.jpg [[3534, 690, 87, 87]]
/Users/nogaken/GoogleDrive/Lab/work/image/data/para_image_polar/test_omni.mp4.00002565.jpg [[3537, 691, 82, 82]]
/Users/nogaken/GoogleDrive/Lab/work/image/data/para_image_polar/test_omni.mp4.00002570.jpg [[3532, 689, 87, 87]]
/Users/nogaken/GoogleDrive/Lab/work/image/data/para_image_polar/test_omni.mp4.00002575.jpg [[3528, 687, 89, 89]]
/Users/nogaken/GoogleDrive/Lab/work/image/data/para_image_polar/test_omni.mp4.00002580.jpg [[3515, 678, 96, 96]]
/Users/nogaken/GoogleDrive/Lab/work/image/data/para_image_polar/test_omni.mp4.00002585.jpg [[3506, 676, 102, 102]]
/Users/nogaken/GoogleDrive/Lab/work/image/data/para_image_polar/test_omni.mp4.00002590.jpg [[3505, 679, 98, 98]]
/Users/nogaken/GoogleDrive/Lab/work/image/data/para_image_polar/test_omni.mp4.00002595.jpg [[3502, 681, 93, 93]]
/Users/nogaken/GoogleDrive/Lab/work/image/data/para_image_polar/test_omni.mp4.00002600.jpg [[3499, 681, 94, 94]]
/Users/nogaken/GoogleDrive/Lab/work/image/data/para_image_polar/test_omni.mp4.00002605.jpg [[3500, 683, 92, 92]]
/Users/nogaken/GoogleDrive/Lab/work/image/data/para_image_polar/test_omni.mp4.00002610.jpg [[3505, 684, 89, 89]]
/Users/nogaken/GoogleDrive/Lab/work/image/data/para_image_polar/test_omni.mp4.00002615.jpg [[3512, 686, 87, 87]]
/Users/nogaken/GoogleDrive/Lab/work/image/data/para_image_polar/test_omni.mp4.00002620.jpg [[3526, 683, 87, 87]]
/Users/nogaken/GoogleDrive/Lab/work/image/data/para_image_polar/test_omni.mp4.00002625.jpg [[3536, 684, 90, 90]]
/Users/nogaken/GoogleDrive/Lab/work/image/data/para_image_polar/test_omni.mp4.00002630.jpg [[3542, 687, 81, 81]]
/Users/nogaken/GoogleDrive/Lab/work/image/data/para_image_polar/test_omni.mp4.00002635.jpg [[3538, 686, 87, 87]]
/Users/nogaken/GoogleDrive/Lab/work/image/data/para_image_polar/test_omni.mp4.00002640.jpg [[3535, 688, 84, 84]]
/Users/nogaken/GoogleDrive/Lab/work/image/data/para_image_polar/test_omni.mp4.00002645.jpg [[3529, 688, 91, 91]]
/Users/nogaken/GoogleDrive/Lab/work/image/data/para_image_polar/test_omni.mp4.00002650.jpg [[3518, 682, 103, 103]]
/Users/nogaken/GoogleDrive/Lab/work/image/data/para_image_polar/test_omni.mp4.00002655.jpg [[3519, 682, 100, 100]]
/Users/nogaken/GoogleDrive/Lab/work/image/data/para_image_polar/test_omni.mp4.00002660.jpg [[3517, 681, 102, 102]]
/Users/nogaken/GoogleDrive/Lab/work/image/data/para_image_polar/test_omni.mp4.00002665.jpg [[3519, 684, 99, 99]]
/Users/nogaken/GoogleDrive/Lab/work/image/data/para_image_polar/test_omni.mp4.00002670.jpg [[3520, 685, 95, 95]]
/Users/nogaken/GoogleDrive/Lab/work/image/data/para_image_polar/test_omni.mp4.00002675.jpg [[3517, 682, 103, 103]]
/Users/nogaken/GoogleDrive/Lab/work/image/data/para_image_polar/test_omni.mp4.00002680.jpg [[3519, 684, 98, 98]]
/Users/nogaken/GoogleDrive/Lab/work/image/data/para_image_polar/test_omni.mp4.00002685.jpg [[3516, 681, 104, 104]]
/Users/nogaken/GoogleDrive/Lab/work/image/data/para_image_polar/test_omni.mp4.00002690.jpg [[3516, 680, 106, 106]]
/Users/nogaken/GoogleDrive/Lab/work/image/data/para_image_polar/test_omni.mp4.00002695.jpg [[3516, 681, 103, 103]]
/Users/nogaken/GoogleDrive/Lab/work/image/data/para_image_polar/test_omni.mp4.00002700.jpg [[3517, 683, 102, 102]]
/Users/nogaken/GoogleDrive/Lab/work/image/data/para_image_polar/test_omni.mp4.00002705.jpg [[3517, 682, 102, 102]]
/Users/nogaken/GoogleDrive/Lab/work/image/data/para_image_polar/test_omni.mp4.00002710.jpg [[3515, 678, 108, 108]]
/Users/nogaken/GoogleDrive/Lab/work/image/data/para_image_polar/test_omni.mp4.00002715.jpg [[3516, 680, 106, 106]]
/Users/nogaken/GoogleDrive/Lab/work/image/data/para_image_polar/test_omni.mp4.00002720.jpg [[3519, 685, 98, 98]]
/Users/nogaken/GoogleDrive/Lab/work/image/data/para_image_polar/test_omni.mp4.00002725.jpg [[3519, 685, 96, 96]]
/Users/nogaken/GoogleDrive/Lab/work/image/data/para_image_polar/test_omni.mp4.00002730.jpg [[3509, 687, 98, 98]]
/Users/nogaken/GoogleDrive/Lab/work/image/data/para_image_polar/test_omni.mp4.00002735.jpg [[3502, 683, 100, 100]]
/Users/nogaken/GoogleDrive/Lab/work/image/data/para_image_polar/test_omni.mp4.00002740.jpg [[3492, 666, 108, 108]]
/Users/nogaken/GoogleDrive/Lab/work/image/data/para_image_polar/test_omni.mp4.00002745.jpg [[3489, 650, 111, 111]]
/Users/nogaken/GoogleDrive/Lab/work/image/data/para_image_polar/test_omni.mp4.00002750.jpg [[3485, 638, 114, 114]]
/Users/nogaken/GoogleDrive/Lab/work/image/data/para_image_polar/test_omni.mp4.00002755.jpg []
/Users/nogaken/GoogleDrive/Lab/work/image/data/para_image_polar/test_omni.mp4.00002760.jpg [[3468, 615, 126, 126]]
/Users/nogaken/GoogleDrive/Lab/work/image/data/para_image_polar/test_omni.mp4.00002765.jpg [[3464, 604, 134, 134]]
/Users/nogaken/GoogleDrive/Lab/work/image/data/para_image_polar/test_omni.mp4.00002770.jpg [[3462, 600, 141, 141]]
/Users/nogaken/GoogleDrive/Lab/work/image/data/para_image_polar/test_omni.mp4.00002775.jpg [[3463, 597, 140, 140]]
